#
# There is insufficient memory for the Java Runtime Environment to continue.
# Native memory allocation (mmap) failed to map 268435456 bytes for Failed to commit area from 0x0000000701e00000 to 0x0000000711e00000 of length 268435456.
# Possible reasons:
#   The system is out of physical RAM or swap space
#   The process is running with CompressedOops enabled, and the Java Heap may be blocking the growth of the native heap
# Possible solutions:
#   Reduce memory load on the system
#   Increase physical memory or swap space
#   Check if swap backing store is full
#   Decrease Java heap size (-Xmx/-Xms)
#   Decrease number of Java threads
#   Decrease Java thread stack sizes (-Xss)
#   Set larger code cache with -XX:ReservedCodeCacheSize=
# This output file may be truncated or incomplete.
#
#  Out of Memory Error (c:/BuildAgent/work/5ff2f6c26000d570/src/hotspot/os/windows/os_windows.cpp:3291), pid=1468, tid=16932
#
# JRE version:  (11.0.5+10) (build )
# Java VM: OpenJDK 64-Bit Server VM (11.0.5+10-b520.17, mixed mode, aot, sharing, tiered, compressed oops, g1 gc, windows-amd64)
# No core dump will be written. Minidumps are not enabled by default on client versions of Windows
#

---------------  S U M M A R Y ------------

Command Line: -javaagent:C:\Program Files\JetBrains\IntelliJ IDEA Community Edition 2019.3.1\lib\idea_rt.jar=53580:C:\Program Files\JetBrains\IntelliJ IDEA Community Edition 2019.3.1\bin -Dfile.encoding=UTF-8 com.tj.cardsagainsthumanity.main.CardsAgainstHumanityApp

Host: Intel(R) Core(TM) i7-3770K CPU @ 3.50GHz, 8 cores, 15G,  Windows 10 , 64 bit Build 18362 (10.0.18362.1110)
Time: Thu Dec 17 15:35:05 2020 Eastern Standard Time elapsed time: 0 seconds (0d 0h 0m 0s)

---------------  T H R E A D  ---------------

Current thread (0x000001ce10594800):  JavaThread "Unknown thread" [_thread_in_vm, id=16932, stack(0x0000003987a00000,0x0000003987b00000)]

Stack: [0x0000003987a00000,0x0000003987b00000]
Native frames: (J=compiled Java code, j=interpreted, Vv=VM code, C=native code)
V  [jvm.dll+0x5dcafa]
V  [jvm.dll+0x70e375]
V  [jvm.dll+0x70f898]
V  [jvm.dll+0x70ff63]
V  [jvm.dll+0x23e238]
V  [jvm.dll+0x5da1c4]
V  [jvm.dll+0x5cf265]
V  [jvm.dll+0x2fac3b]
V  [jvm.dll+0x2fabaa]
V  [jvm.dll+0x2faa82]
V  [jvm.dll+0x2ff956]
V  [jvm.dll+0x3480d3]
V  [jvm.dll+0x3487d6]
V  [jvm.dll+0x3481d3]
V  [jvm.dll+0x2d5548]
V  [jvm.dll+0x2d66e7]
V  [jvm.dll+0x6ed237]
V  [jvm.dll+0x6eea2c]
V  [jvm.dll+0x355849]
V  [jvm.dll+0x6d239e]
V  [jvm.dll+0x3be283]
V  [jvm.dll+0x3c0701]
C  [jli.dll+0x5363]
C  [ucrtbase.dll+0x210b2]
C  [KERNEL32.DLL+0x17c24]
C  [ntdll.dll+0x6d4d1]


---------------  P R O C E S S  ---------------

Threads class SMR info:
_java_thread_list=0x000001ce104649a0, length=0, elements={
}

Java Threads: ( => current thread )

Other Threads:
  0x000001ce105ad800 GCTaskThread "GC Thread#0" [stack: 0x0000003987b00000,0x0000003987c00000] [id=23932]
  0x000001ce1060a800 ConcurrentGCThread "G1 Main Marker" [stack: 0x0000003987c00000,0x0000003987d00000] [id=13824]
  0x000001ce1060e800 ConcurrentGCThread "G1 Conc#0" [stack: 0x0000003987d00000,0x0000003987e00000] [id=1352]

[error occurred during error reporting (printing all threads), id 0xc0000005, EXCEPTION_ACCESS_VIOLATION (0xc0000005) at pc=0x00007ffce9985c17]

VM state:not at safepoint (not fully initialized)

VM Mutex/Monitor currently owned by a thread:  ([mutex/lock_event])
[0x000001ce10593320] Heap_lock - owner thread: 0x000001ce10594800

Heap address: 0x0000000701e00000, size: 4066 MB, Compressed Oops mode: Non-zero based: 0x0000000701e00000
Narrow klass base: 0x0000000000000000, Narrow klass shift: 0

GC Heap History (0 events):
No events

Deoptimization events (0 events):
No events

Classes redefined (0 events):
No events

Internal exceptions (0 events):
No events

Events (0 events):
No events


Dynamic libraries:
0x00007ff754160000 - 0x00007ff75416a000 	C:\Program Files\JetBrains\IntelliJ IDEA Community Edition 2019.3.1\jbr\bin\java.exe
0x00007ffd2a000000 - 0x00007ffd2a1f0000 	C:\WINDOWS\SYSTEM32\ntdll.dll
0x00007ffd28450000 - 0x00007ffd28502000 	C:\WINDOWS\System32\KERNEL32.DLL
0x00007ffd26ea0000 - 0x00007ffd27145000 	C:\WINDOWS\System32\KERNELBASE.dll
0x00007ffd27570000 - 0x00007ffd2766a000 	C:\WINDOWS\System32\ucrtbase.dll
0x00007ffce0c00000 - 0x00007ffce0c19000 	C:\Program Files\JetBrains\IntelliJ IDEA Community Edition 2019.3.1\jbr\bin\jli.dll
0x00007ffce0be0000 - 0x00007ffce0bf7000 	C:\Program Files\JetBrains\IntelliJ IDEA Community Edition 2019.3.1\jbr\bin\VCRUNTIME140.dll
0x00007ffd28ae0000 - 0x00007ffd28c74000 	C:\WINDOWS\System32\USER32.dll
0x00007ffd27280000 - 0x00007ffd272a1000 	C:\WINDOWS\System32\win32u.dll
0x00007ffd1b1d0000 - 0x00007ffd1b454000 	C:\WINDOWS\WinSxS\amd64_microsoft.windows.common-controls_6595b64144ccf1df_6.0.18362.1198_none_9e820b57e45ad92f\COMCTL32.dll
0x00007ffd28c80000 - 0x00007ffd28ca6000 	C:\WINDOWS\System32\GDI32.dll
0x00007ffd28d90000 - 0x00007ffd28e2e000 	C:\WINDOWS\System32\msvcrt.dll
0x00007ffd272b0000 - 0x00007ffd27446000 	C:\WINDOWS\System32\gdi32full.dll
0x00007ffd27480000 - 0x00007ffd2751e000 	C:\WINDOWS\System32\msvcp_win.dll
0x00007ffd29c80000 - 0x00007ffd29fb5000 	C:\WINDOWS\System32\combase.dll
0x00007ffd278f0000 - 0x00007ffd27a10000 	C:\WINDOWS\System32\RPCRT4.dll
0x00007ffd27200000 - 0x00007ffd27280000 	C:\WINDOWS\System32\bcryptPrimitives.dll
0x00007ffd29590000 - 0x00007ffd295be000 	C:\WINDOWS\System32\IMM32.DLL
0x00007ffcd9840000 - 0x00007ffcd98dd000 	C:\Program Files\JetBrains\IntelliJ IDEA Community Edition 2019.3.1\jbr\bin\msvcp140.dll
0x00007ffce96a0000 - 0x00007ffcea15b000 	C:\Program Files\JetBrains\IntelliJ IDEA Community Edition 2019.3.1\jbr\bin\server\jvm.dll
0x00007ffd29380000 - 0x00007ffd29423000 	C:\WINDOWS\System32\ADVAPI32.dll
0x00007ffd27a10000 - 0x00007ffd27aa7000 	C:\WINDOWS\System32\sechost.dll
0x00007ffd28d80000 - 0x00007ffd28d88000 	C:\WINDOWS\System32\PSAPI.DLL
0x00007ffd24510000 - 0x00007ffd24534000 	C:\WINDOWS\SYSTEM32\WINMM.dll
0x00007ffd204b0000 - 0x00007ffd204ba000 	C:\WINDOWS\SYSTEM32\VERSION.dll
0x00007ffd24490000 - 0x00007ffd244bd000 	C:\WINDOWS\SYSTEM32\winmmbase.dll
0x00007ffd27520000 - 0x00007ffd2756a000 	C:\WINDOWS\System32\cfgmgr32.dll
0x00007ffd194f0000 - 0x00007ffd194f9000 	C:\WINDOWS\SYSTEM32\WSOCK32.dll
0x00007ffd28d10000 - 0x00007ffd28d7f000 	C:\WINDOWS\System32\WS2_32.dll
0x00007ffd266d0000 - 0x00007ffd266e1000 	C:\WINDOWS\System32\kernel.appcore.dll
0x00007ffd013a0000 - 0x00007ffd013b1000 	C:\Program Files\JetBrains\IntelliJ IDEA Community Edition 2019.3.1\jbr\bin\verify.dll
0x00007ffd14b70000 - 0x00007ffd14d64000 	C:\WINDOWS\SYSTEM32\DBGHELP.DLL
0x00007ffd14b40000 - 0x00007ffd14b6a000 	C:\WINDOWS\SYSTEM32\dbgcore.DLL
0x00007ffd012e0000 - 0x00007ffd01309000 	C:\Program Files\JetBrains\IntelliJ IDEA Community Edition 2019.3.1\jbr\bin\java.dll
0x00007ffd22f10000 - 0x00007ffd22f1f000 	C:\Program Files\JetBrains\IntelliJ IDEA Community Edition 2019.3.1\jbr\bin\instrument.dll
0x00007ffd012c0000 - 0x00007ffd012d7000 	C:\Program Files\JetBrains\IntelliJ IDEA Community Edition 2019.3.1\jbr\bin\zip.dll
0x00007ffd07900000 - 0x00007ffd0790b000 	C:\Program Files\JetBrains\IntelliJ IDEA Community Edition 2019.3.1\jbr\bin\jimage.dll

dbghelp: loaded successfully - version: 4.0.5 - missing functions: none
symbol engine: initialized successfully - sym options: 0x614 - pdb path: .;C:\Program Files\JetBrains\IntelliJ IDEA Community Edition 2019.3.1\jbr\bin;C:\WINDOWS\SYSTEM32;C:\WINDOWS\WinSxS\amd64_microsoft.windows.common-controls_6595b64144ccf1df_6.0.18362.1198_none_9e820b57e45ad92f;C:\Program Files\JetBrains\IntelliJ IDEA Community Edition 2019.3.1\jbr\bin\server

VM Arguments:
jvm_args: -javaagent:C:\Program Files\JetBrains\IntelliJ IDEA Community Edition 2019.3.1\lib\idea_rt.jar=53580:C:\Program Files\JetBrains\IntelliJ IDEA Community Edition 2019.3.1\bin -Dfile.encoding=UTF-8 
java_command: com.tj.cardsagainsthumanity.main.CardsAgainstHumanityApp
java_class_path (initial): E:\Projects\CardsAgainstHumanity\server\target\classes;C:\Users\Thomas\.m2\repository\org\springframework\boot\spring-boot-starter\1.5.10.RELEASE\spring-boot-starter-1.5.10.RELEASE.jar;C:\Users\Thomas\.m2\repository\org\springframework\boot\spring-boot\1.5.10.RELEASE\spring-boot-1.5.10.RELEASE.jar;C:\Users\Thomas\.m2\repository\org\springframework\spring-context\4.3.14.RELEASE\spring-context-4.3.14.RELEASE.jar;C:\Users\Thomas\.m2\repository\org\springframework\boot\spring-boot-autoconfigure\1.5.10.RELEASE\spring-boot-autoconfigure-1.5.10.RELEASE.jar;C:\Users\Thomas\.m2\repository\org\springframework\boot\spring-boot-starter-logging\1.5.10.RELEASE\spring-boot-starter-logging-1.5.10.RELEASE.jar;C:\Users\Thomas\.m2\repository\ch\qos\logback\logback-classic\1.1.11\logback-classic-1.1.11.jar;C:\Users\Thomas\.m2\repository\ch\qos\logback\logback-core\1.1.11\logback-core-1.1.11.jar;C:\Users\Thomas\.m2\repository\org\slf4j\jcl-over-slf4j\1.7.25\jcl-over-slf4j-1.7.25.jar;C:\Users\Thomas\.m2\repository\org\slf4j\jul-to-slf4j\1.7.25\jul-to-slf4j-1.7.25.jar;C:\Users\Thomas\.m2\repository\org\slf4j\log4j-over-slf4j\1.7.25\log4j-over-slf4j-1.7.25.jar;C:\Users\Thomas\.m2\repository\org\springframework\spring-core\4.3.14.RELEASE\spring-core-4.3.14.RELEASE.jar;C:\Users\Thomas\.m2\repository\org\yaml\snakeyaml\1.17\snakeyaml-1.17.jar;C:\Users\Thomas\.m2\repository\org\springframework\boot\spring-boot-starter-data-jpa\1.5.10.RELEASE\spring-boot-starter-data-jpa-1.5.10.RELEASE.jar;C:\Users\Thomas\.m2\repository\org\springframework\boot\spring-boot-starter-aop\1.5.10.RELEASE\spring-boot-starter-aop-1.5.10.RELEASE.jar;C:\Users\Thomas\.m2\repository\org\aspectj\aspectjweaver\1.8.13\aspectjweaver-1.8.13.jar;C:\Users\Thomas\.m2\repository\org\springframework\boot\spring-boot-starter-jdbc\1.5.10.RELEASE\spring-boot-starter-jdbc-1.5.10.RELEASE.jar;C:\Users\Thomas\.m2\repository\org\apache\tomcat\tomcat-jdbc\8.5.27\tomcat-jdbc-8.5.27.jar;C:\Users\Thomas\.m2\reposit
Launcher Type: SUN_STANDARD

[Global flags]
     intx CICompilerCount                          = 4                                         {product} {ergonomic}
     uint ConcGCThreads                            = 2                                         {product} {ergonomic}
     uint G1ConcRefinementThreads                  = 8                                         {product} {ergonomic}
   size_t G1HeapRegionSize                         = 1048576                                   {product} {ergonomic}
    uintx GCDrainStackTargetSize                   = 64                                        {product} {ergonomic}
   size_t InitialHeapSize                          = 268435456                                 {product} {ergonomic}
   size_t MarkStackSize                            = 4194304                                   {product} {ergonomic}
   size_t MaxHeapSize                              = 4263510016                                {product} {ergonomic}
   size_t MinHeapDeltaBytes                        = 1048576                                   {product} {ergonomic}
    uintx NonNMethodCodeHeapSize                   = 5836300                                {pd product} {ergonomic}
    uintx NonProfiledCodeHeapSize                  = 122910970                              {pd product} {ergonomic}
    uintx ProfiledCodeHeapSize                     = 122910970                              {pd product} {ergonomic}
    uintx ReservedCodeCacheSize                    = 251658240                              {pd product} {ergonomic}
     bool SegmentedCodeCache                       = true                                      {product} {ergonomic}
     bool UseCompressedClassPointers               = true                                 {lp64_product} {ergonomic}
     bool UseCompressedOops                        = true                                 {lp64_product} {ergonomic}
     bool UseG1GC                                  = true                                      {product} {ergonomic}
     bool UseLargePagesIndividualAllocation        = false                                  {pd product} {ergonomic}

Logging:
Log output configuration:
 #0: stdout all=warning uptime,level,tags
 #1: stderr all=off uptime,level,tags

Environment Variables:
PATH=C:\cygwin64\bin;C:\WINDOWS\system32;C:\WINDOWS;C:\WINDOWS\System32\Wbem;C:\WINDOWS\System32\WindowsPowerShell\v1.0\;C:\WINDOWS\System32\OpenSSH\;C:\Users\Thomas\AppData\Roaming\nvm;C:\Program Files\nodejs;C:\Program Files\Git\cmd;C:\Program Files\Docker\Docker\resources\bin;C:\ProgramData\DockerDesktop\version-bin;C:\Users\Thomas\.windows-build-tools\python27\;C:\Users\Thomas\AppData\Local\Microsoft\WindowsApps;C:\Program Files\JetBrains\IntelliJ IDEA Community Edition 2019.3.1\bin;C:\Users\Thomas\AppData\Roaming\nvm;C:\Program Files\nodejs;C:\Users\Thomas\AppData\Local\Programs\Microsoft VS Code\bin;E:\ffmpeg;E:\scripts;C:\Program Files\Java\jdk-13.0.2\bin;C:\Program Files\HandBrake;C:\cygwin64\bin;
USERNAME=TJ
OS=Windows_NT
PROCESSOR_IDENTIFIER=Intel64 Family 6 Model 58 Stepping 9, GenuineIntel



---------------  S Y S T E M  ---------------

OS: Windows 10 , 64 bit Build 18362 (10.0.18362.1110)
HyperV virtualization detected

CPU:total 8 (initial active 8) (4 cores per cpu, 2 threads per core) family 6 model 58 stepping 9, cmov, cx8, fxsr, mmx, sse, sse2, sse3, ssse3, sse4.1, sse4.2, popcnt, avx, aes, clmul, erms, ht, tsc, tscinvbit, tscinv

Memory: 4k page, system-wide physical 16257M (4182M free)
TotalPageFile size 30452M (AvailPageFile size 224M)
current process WorkingSet (physical memory assigned to process): 10M, peak: 10M
current process commit charge ("private bytes"): 60M, peak: 316M

vm_info: OpenJDK 64-Bit Server VM (11.0.5+10-b520.17) for windows-amd64 JRE (11.0.5+10-b520.17), built on Dec  2 2019 12:11:34 by "" with MS VC++ 14.0 (VS2015)

END.
