#
# There is insufficient memory for the Java Runtime Environment to continue.
# Native memory allocation (malloc) failed to allocate 671376 bytes for Chunk::new
# Possible reasons:
#   The system is out of physical RAM or swap space
#   The process is running with CompressedOops enabled, and the Java Heap may be blocking the growth of the native heap
# Possible solutions:
#   Reduce memory load on the system
#   Increase physical memory or swap space
#   Check if swap backing store is full
#   Decrease Java heap size (-Xmx/-Xms)
#   Decrease number of Java threads
#   Decrease Java thread stack sizes (-Xss)
#   Set larger code cache with -XX:ReservedCodeCacheSize=
#   JVM is running with Zero Based Compressed Oops mode in which the Java heap is
#     placed in the first 32GB address space. The Java Heap base address is the
#     maximum limit for the native heap growth. Please use -XX:HeapBaseMinAddress
#     to set the Java Heap base and to place the Java Heap above 32GB virtual address.
# This output file may be truncated or incomplete.
#
#  Out of Memory Error (c:/BuildAgent/work/5ff2f6c26000d570/src/hotspot/share/memory/arena.cpp:197), pid=19244, tid=24288
#
# JRE version: OpenJDK Runtime Environment (11.0.5+10) (build 11.0.5+10-b520.17)
# Java VM: OpenJDK 64-Bit Server VM (11.0.5+10-b520.17, mixed mode, sharing, tiered, compressed oops, g1 gc, windows-amd64)
# No core dump will be written. Minidumps are not enabled by default on client versions of Windows
#

---------------  S U M M A R Y ------------

Command Line: -Dmaven.multiModuleProjectDirectory=E:\Projects\CardsAgainstHumanity\server -Dmaven.home=C:\Program Files\JetBrains\IntelliJ IDEA Community Edition 2019.3.1\plugins\maven\lib\maven3 -Dclassworlds.conf=C:\Program Files\JetBrains\IntelliJ IDEA Community Edition 2019.3.1\plugins\maven\lib\maven3\bin\m2.conf -Dmaven.ext.class.path=C:\Program Files\JetBrains\IntelliJ IDEA Community Edition 2019.3.1\plugins\maven\lib\maven-event-listener.jar -javaagent:C:\Program Files\JetBrains\IntelliJ IDEA Community Edition 2019.3.1\lib\idea_rt.jar=54962:C:\Program Files\JetBrains\IntelliJ IDEA Community Edition 2019.3.1\bin -Dfile.encoding=UTF-8 org.codehaus.classworlds.Launcher -Didea.version2019.3.1 install

Host: Intel(R) Core(TM) i7-3770K CPU @ 3.50GHz, 8 cores, 15G,  Windows 10 , 64 bit Build 18362 (10.0.18362.1110)
Time: Mon Dec 21 14:07:38 2020 Eastern Standard Time elapsed time: 2 seconds (0d 0h 0m 2s)

---------------  T H R E A D  ---------------

Current thread (0x0000019c242cf000):  JavaThread "C2 CompilerThread2" daemon [_thread_in_native, id=24288, stack(0x0000003ece300000,0x0000003ece400000)]


Current CompileTask:
C2:   2980 2350       4       org.eclipse.sisu.inject.LocatedBeans$Itr::hasNext (161 bytes)

Stack: [0x0000003ece300000,0x0000003ece400000]
Native frames: (J=compiled Java code, j=interpreted, Vv=VM code, C=native code)
V  [jvm.dll+0x5dcafa]
V  [jvm.dll+0x70e375]
V  [jvm.dll+0x70f898]
V  [jvm.dll+0x70ff63]
V  [jvm.dll+0x23e238]
V  [jvm.dll+0xb8a9c]
V  [jvm.dll+0xb8fac]
V  [jvm.dll+0x34fc9d]
V  [jvm.dll+0x19416c]
V  [jvm.dll+0x1f79ce]
V  [jvm.dll+0x1f6a94]
V  [jvm.dll+0x17f6fc]
V  [jvm.dll+0x204f77]
V  [jvm.dll+0x2037f1]
V  [jvm.dll+0x6d835f]
V  [jvm.dll+0x6d114d]
V  [jvm.dll+0x5dbdd6]
C  [ucrtbase.dll+0x210b2]
C  [KERNEL32.DLL+0x17c24]
C  [ntdll.dll+0x6d4d1]


---------------  P R O C E S S  ---------------

Threads class SMR info:
_java_thread_list=0x0000019c238c97f0, length=13, elements={
0x0000019c0325e000, 0x0000019c226c0800, 0x0000019c226c2800, 0x0000019c226d9000,
0x0000019c226da000, 0x0000019c226e0000, 0x0000019c226e8000, 0x0000019c226e9800,
0x0000019c23084800, 0x0000019c23101800, 0x0000019c23102800, 0x0000019c234d1000,
0x0000019c242cf000
}

Java Threads: ( => current thread )
  0x0000019c0325e000 JavaThread "main" [_thread_in_Java, id=1956, stack(0x0000003ecd000000,0x0000003ecd100000)]
  0x0000019c226c0800 JavaThread "Reference Handler" daemon [_thread_blocked, id=1584, stack(0x0000003ecd700000,0x0000003ecd800000)]
  0x0000019c226c2800 JavaThread "Finalizer" daemon [_thread_blocked, id=10308, stack(0x0000003ecd800000,0x0000003ecd900000)]
  0x0000019c226d9000 JavaThread "Signal Dispatcher" daemon [_thread_blocked, id=22084, stack(0x0000003ecd900000,0x0000003ecda00000)]
  0x0000019c226da000 JavaThread "Attach Listener" daemon [_thread_blocked, id=23408, stack(0x0000003ecda00000,0x0000003ecdb00000)]
  0x0000019c226e0000 JavaThread "C2 CompilerThread0" daemon [_thread_in_native, id=16388, stack(0x0000003ecdb00000,0x0000003ecdc00000)]
  0x0000019c226e8000 JavaThread "C1 CompilerThread0" daemon [_thread_in_native, id=19996, stack(0x0000003ecdc00000,0x0000003ecdd00000)]
  0x0000019c226e9800 JavaThread "Sweeper thread" daemon [_thread_blocked, id=15600, stack(0x0000003ecdd00000,0x0000003ecde00000)]
  0x0000019c23084800 JavaThread "Common-Cleaner" daemon [_thread_blocked, id=18132, stack(0x0000003ecde00000,0x0000003ecdf00000)]
  0x0000019c23101800 JavaThread "Monitor Ctrl-Break" daemon [_thread_in_native, id=16652, stack(0x0000003ecdf00000,0x0000003ece000000)]
  0x0000019c23102800 JavaThread "Service Thread" daemon [_thread_blocked, id=23672, stack(0x0000003ece000000,0x0000003ece100000)]
  0x0000019c234d1000 JavaThread "C2 CompilerThread1" daemon [_thread_in_native, id=9976, stack(0x0000003ece200000,0x0000003ece300000)]
=>0x0000019c242cf000 JavaThread "C2 CompilerThread2" daemon [_thread_in_native, id=24288, stack(0x0000003ece300000,0x0000003ece400000)]

Other Threads:
  0x0000019c226bc800 VMThread "VM Thread" [stack: 0x0000003ecd600000,0x0000003ecd700000] [id=18024]
  0x0000019c23104800 WatcherThread [stack: 0x0000003ece100000,0x0000003ece200000] [id=4368]
  0x0000019c03275800 GCTaskThread "GC Thread#0" [stack: 0x0000003ecd100000,0x0000003ecd200000] [id=19884]
  0x0000019c242d0000 GCTaskThread "GC Thread#1" [stack: 0x0000003ece400000,0x0000003ece500000] [id=17980]
  0x0000019c2416b000 GCTaskThread "GC Thread#2" [stack: 0x0000003ece500000,0x0000003ece600000] [id=21024]
  0x0000019c2446f000 GCTaskThread "GC Thread#3" [stack: 0x0000003ece600000,0x0000003ece700000] [id=7380]
  0x0000019c24470000 GCTaskThread "GC Thread#4" [stack: 0x0000003ece700000,0x0000003ece800000] [id=14556]
  0x0000019c24470800 GCTaskThread "GC Thread#5" [stack: 0x0000003ece800000,0x0000003ece900000] [id=17664]
  0x0000019c032d3800 ConcurrentGCThread "G1 Main Marker" [stack: 0x0000003ecd200000,0x0000003ecd300000] [id=19044]
  0x0000019c032d4800 ConcurrentGCThread "G1 Conc#0" [stack: 0x0000003ecd300000,0x0000003ecd400000] [id=25288]
  0x0000019c225cc800 ConcurrentGCThread "G1 Refine#0" [stack: 0x0000003ecd400000,0x0000003ecd500000] [id=18160]
  0x0000019c225cd800 ConcurrentGCThread "G1 Young RemSet Sampling" [stack: 0x0000003ecd500000,0x0000003ecd600000] [id=23484]

Threads with active compile tasks:
C2 CompilerThread0   3105 2361       4       org.eclipse.sisu.plexus.RealmFilteredBeans$FilteredItr::hasNext (81 bytes)
C1 CompilerThread0   3105 2480       3       org.apache.maven.model.validation.DefaultModelValidator::validateEffectiveDependency (732 bytes)
C2 CompilerThread1   3105 2461       4       org.codehaus.plexus.util.xml.pull.MXParser::nextImpl (1202 bytes)
C2 CompilerThread2   3105 2350       4       org.eclipse.sisu.inject.LocatedBeans$Itr::hasNext (161 bytes)

VM state:not at safepoint (normal execution)

VM Mutex/Monitor currently owned by a thread: None

Heap address: 0x0000000701e00000, size: 4066 MB, Compressed Oops mode: Zero based, Oop shift amount: 3
Narrow klass base: 0x0000000800000000, Narrow klass shift: 3
Compressed class space size: 1073741824 Address: 0x0000000840000000

Heap:
 garbage-first heap   total 262144K, used 63247K [0x0000000701e00000, 0x0000000800000000)
  region size 1024K, 62 young (63488K), 3 survivors (3072K)
 Metaspace       used 13162K, capacity 14286K, committed 14336K, reserved 1062912K
  class space    used 1550K, capacity 1745K, committed 1792K, reserved 1048576K
Heap Regions: E=young(eden), S=young(survivor), O=old, HS=humongous(starts), HC=humongous(continues), CS=collection set, F=free, A=archive, TAMS=top-at-mark-start (previous, next)
|   0|0x0000000701e00000, 0x0000000701ec3c00, 0x0000000701f00000| 76%| O|  |TAMS 0x0000000701e00000, 0x0000000701e00000| Untracked 
|   1|0x0000000701f00000, 0x0000000701f00000, 0x0000000702000000|  0%| F|  |TAMS 0x0000000701f00000, 0x0000000701f00000| Untracked 
|   2|0x0000000702000000, 0x0000000702000000, 0x0000000702100000|  0%| F|  |TAMS 0x0000000702000000, 0x0000000702000000| Untracked 
|   3|0x0000000702100000, 0x0000000702100000, 0x0000000702200000|  0%| F|  |TAMS 0x0000000702100000, 0x0000000702100000| Untracked 
|   4|0x0000000702200000, 0x0000000702200000, 0x0000000702300000|  0%| F|  |TAMS 0x0000000702200000, 0x0000000702200000| Untracked 
|   5|0x0000000702300000, 0x0000000702300000, 0x0000000702400000|  0%| F|  |TAMS 0x0000000702300000, 0x0000000702300000| Untracked 
|   6|0x0000000702400000, 0x0000000702400000, 0x0000000702500000|  0%| F|  |TAMS 0x0000000702400000, 0x0000000702400000| Untracked 
|   7|0x0000000702500000, 0x0000000702500000, 0x0000000702600000|  0%| F|  |TAMS 0x0000000702500000, 0x0000000702500000| Untracked 
|   8|0x0000000702600000, 0x0000000702600000, 0x0000000702700000|  0%| F|  |TAMS 0x0000000702600000, 0x0000000702600000| Untracked 
|   9|0x0000000702700000, 0x0000000702700000, 0x0000000702800000|  0%| F|  |TAMS 0x0000000702700000, 0x0000000702700000| Untracked 
|  10|0x0000000702800000, 0x0000000702800000, 0x0000000702900000|  0%| F|  |TAMS 0x0000000702800000, 0x0000000702800000| Untracked 
|  11|0x0000000702900000, 0x0000000702900000, 0x0000000702a00000|  0%| F|  |TAMS 0x0000000702900000, 0x0000000702900000| Untracked 
|  12|0x0000000702a00000, 0x0000000702a00000, 0x0000000702b00000|  0%| F|  |TAMS 0x0000000702a00000, 0x0000000702a00000| Untracked 
|  13|0x0000000702b00000, 0x0000000702b00000, 0x0000000702c00000|  0%| F|  |TAMS 0x0000000702b00000, 0x0000000702b00000| Untracked 
|  14|0x0000000702c00000, 0x0000000702c00000, 0x0000000702d00000|  0%| F|  |TAMS 0x0000000702c00000, 0x0000000702c00000| Untracked 
|  15|0x0000000702d00000, 0x0000000702d00000, 0x0000000702e00000|  0%| F|  |TAMS 0x0000000702d00000, 0x0000000702d00000| Untracked 
|  16|0x0000000702e00000, 0x0000000702e00000, 0x0000000702f00000|  0%| F|  |TAMS 0x0000000702e00000, 0x0000000702e00000| Untracked 
|  17|0x0000000702f00000, 0x0000000702f00000, 0x0000000703000000|  0%| F|  |TAMS 0x0000000702f00000, 0x0000000702f00000| Untracked 
|  18|0x0000000703000000, 0x0000000703000000, 0x0000000703100000|  0%| F|  |TAMS 0x0000000703000000, 0x0000000703000000| Untracked 
|  19|0x0000000703100000, 0x0000000703100000, 0x0000000703200000|  0%| F|  |TAMS 0x0000000703100000, 0x0000000703100000| Untracked 
|  20|0x0000000703200000, 0x0000000703200000, 0x0000000703300000|  0%| F|  |TAMS 0x0000000703200000, 0x0000000703200000| Untracked 
|  21|0x0000000703300000, 0x0000000703300000, 0x0000000703400000|  0%| F|  |TAMS 0x0000000703300000, 0x0000000703300000| Untracked 
|  22|0x0000000703400000, 0x0000000703400000, 0x0000000703500000|  0%| F|  |TAMS 0x0000000703400000, 0x0000000703400000| Untracked 
|  23|0x0000000703500000, 0x0000000703500000, 0x0000000703600000|  0%| F|  |TAMS 0x0000000703500000, 0x0000000703500000| Untracked 
|  24|0x0000000703600000, 0x0000000703600000, 0x0000000703700000|  0%| F|  |TAMS 0x0000000703600000, 0x0000000703600000| Untracked 
|  25|0x0000000703700000, 0x0000000703700000, 0x0000000703800000|  0%| F|  |TAMS 0x0000000703700000, 0x0000000703700000| Untracked 
|  26|0x0000000703800000, 0x0000000703800000, 0x0000000703900000|  0%| F|  |TAMS 0x0000000703800000, 0x0000000703800000| Untracked 
|  27|0x0000000703900000, 0x0000000703900000, 0x0000000703a00000|  0%| F|  |TAMS 0x0000000703900000, 0x0000000703900000| Untracked 
|  28|0x0000000703a00000, 0x0000000703a00000, 0x0000000703b00000|  0%| F|  |TAMS 0x0000000703a00000, 0x0000000703a00000| Untracked 
|  29|0x0000000703b00000, 0x0000000703b00000, 0x0000000703c00000|  0%| F|  |TAMS 0x0000000703b00000, 0x0000000703b00000| Untracked 
|  30|0x0000000703c00000, 0x0000000703c00000, 0x0000000703d00000|  0%| F|  |TAMS 0x0000000703c00000, 0x0000000703c00000| Untracked 
|  31|0x0000000703d00000, 0x0000000703d00000, 0x0000000703e00000|  0%| F|  |TAMS 0x0000000703d00000, 0x0000000703d00000| Untracked 
|  32|0x0000000703e00000, 0x0000000703e00000, 0x0000000703f00000|  0%| F|  |TAMS 0x0000000703e00000, 0x0000000703e00000| Untracked 
|  33|0x0000000703f00000, 0x0000000703f00000, 0x0000000704000000|  0%| F|  |TAMS 0x0000000703f00000, 0x0000000703f00000| Untracked 
|  34|0x0000000704000000, 0x0000000704000000, 0x0000000704100000|  0%| F|  |TAMS 0x0000000704000000, 0x0000000704000000| Untracked 
|  35|0x0000000704100000, 0x0000000704100000, 0x0000000704200000|  0%| F|  |TAMS 0x0000000704100000, 0x0000000704100000| Untracked 
|  36|0x0000000704200000, 0x0000000704200000, 0x0000000704300000|  0%| F|  |TAMS 0x0000000704200000, 0x0000000704200000| Untracked 
|  37|0x0000000704300000, 0x0000000704300000, 0x0000000704400000|  0%| F|  |TAMS 0x0000000704300000, 0x0000000704300000| Untracked 
|  38|0x0000000704400000, 0x0000000704400000, 0x0000000704500000|  0%| F|  |TAMS 0x0000000704400000, 0x0000000704400000| Untracked 
|  39|0x0000000704500000, 0x0000000704500000, 0x0000000704600000|  0%| F|  |TAMS 0x0000000704500000, 0x0000000704500000| Untracked 
|  40|0x0000000704600000, 0x0000000704600000, 0x0000000704700000|  0%| F|  |TAMS 0x0000000704600000, 0x0000000704600000| Untracked 
|  41|0x0000000704700000, 0x0000000704700000, 0x0000000704800000|  0%| F|  |TAMS 0x0000000704700000, 0x0000000704700000| Untracked 
|  42|0x0000000704800000, 0x0000000704800000, 0x0000000704900000|  0%| F|  |TAMS 0x0000000704800000, 0x0000000704800000| Untracked 
|  43|0x0000000704900000, 0x0000000704900000, 0x0000000704a00000|  0%| F|  |TAMS 0x0000000704900000, 0x0000000704900000| Untracked 
|  44|0x0000000704a00000, 0x0000000704a00000, 0x0000000704b00000|  0%| F|  |TAMS 0x0000000704a00000, 0x0000000704a00000| Untracked 
|  45|0x0000000704b00000, 0x0000000704b00000, 0x0000000704c00000|  0%| F|  |TAMS 0x0000000704b00000, 0x0000000704b00000| Untracked 
|  46|0x0000000704c00000, 0x0000000704c00000, 0x0000000704d00000|  0%| F|  |TAMS 0x0000000704c00000, 0x0000000704c00000| Untracked 
|  47|0x0000000704d00000, 0x0000000704d00000, 0x0000000704e00000|  0%| F|  |TAMS 0x0000000704d00000, 0x0000000704d00000| Untracked 
|  48|0x0000000704e00000, 0x0000000704e00000, 0x0000000704f00000|  0%| F|  |TAMS 0x0000000704e00000, 0x0000000704e00000| Untracked 
|  49|0x0000000704f00000, 0x0000000704f00000, 0x0000000705000000|  0%| F|  |TAMS 0x0000000704f00000, 0x0000000704f00000| Untracked 
|  50|0x0000000705000000, 0x0000000705000000, 0x0000000705100000|  0%| F|  |TAMS 0x0000000705000000, 0x0000000705000000| Untracked 
|  51|0x0000000705100000, 0x0000000705100000, 0x0000000705200000|  0%| F|  |TAMS 0x0000000705100000, 0x0000000705100000| Untracked 
|  52|0x0000000705200000, 0x0000000705200000, 0x0000000705300000|  0%| F|  |TAMS 0x0000000705200000, 0x0000000705200000| Untracked 
|  53|0x0000000705300000, 0x0000000705300000, 0x0000000705400000|  0%| F|  |TAMS 0x0000000705300000, 0x0000000705300000| Untracked 
|  54|0x0000000705400000, 0x0000000705400000, 0x0000000705500000|  0%| F|  |TAMS 0x0000000705400000, 0x0000000705400000| Untracked 
|  55|0x0000000705500000, 0x0000000705500000, 0x0000000705600000|  0%| F|  |TAMS 0x0000000705500000, 0x0000000705500000| Untracked 
|  56|0x0000000705600000, 0x0000000705600000, 0x0000000705700000|  0%| F|  |TAMS 0x0000000705600000, 0x0000000705600000| Untracked 
|  57|0x0000000705700000, 0x0000000705700000, 0x0000000705800000|  0%| F|  |TAMS 0x0000000705700000, 0x0000000705700000| Untracked 
|  58|0x0000000705800000, 0x0000000705800000, 0x0000000705900000|  0%| F|  |TAMS 0x0000000705800000, 0x0000000705800000| Untracked 
|  59|0x0000000705900000, 0x0000000705900000, 0x0000000705a00000|  0%| F|  |TAMS 0x0000000705900000, 0x0000000705900000| Untracked 
|  60|0x0000000705a00000, 0x0000000705a00000, 0x0000000705b00000|  0%| F|  |TAMS 0x0000000705a00000, 0x0000000705a00000| Untracked 
|  61|0x0000000705b00000, 0x0000000705b00000, 0x0000000705c00000|  0%| F|  |TAMS 0x0000000705b00000, 0x0000000705b00000| Untracked 
|  62|0x0000000705c00000, 0x0000000705c00000, 0x0000000705d00000|  0%| F|  |TAMS 0x0000000705c00000, 0x0000000705c00000| Untracked 
|  63|0x0000000705d00000, 0x0000000705d00000, 0x0000000705e00000|  0%| F|  |TAMS 0x0000000705d00000, 0x0000000705d00000| Untracked 
|  64|0x0000000705e00000, 0x0000000705e00000, 0x0000000705f00000|  0%| F|  |TAMS 0x0000000705e00000, 0x0000000705e00000| Untracked 
|  65|0x0000000705f00000, 0x0000000705f00000, 0x0000000706000000|  0%| F|  |TAMS 0x0000000705f00000, 0x0000000705f00000| Untracked 
|  66|0x0000000706000000, 0x0000000706000000, 0x0000000706100000|  0%| F|  |TAMS 0x0000000706000000, 0x0000000706000000| Untracked 
|  67|0x0000000706100000, 0x0000000706100000, 0x0000000706200000|  0%| F|  |TAMS 0x0000000706100000, 0x0000000706100000| Untracked 
|  68|0x0000000706200000, 0x0000000706200000, 0x0000000706300000|  0%| F|  |TAMS 0x0000000706200000, 0x0000000706200000| Untracked 
|  69|0x0000000706300000, 0x0000000706300000, 0x0000000706400000|  0%| F|  |TAMS 0x0000000706300000, 0x0000000706300000| Untracked 
|  70|0x0000000706400000, 0x0000000706400000, 0x0000000706500000|  0%| F|  |TAMS 0x0000000706400000, 0x0000000706400000| Untracked 
|  71|0x0000000706500000, 0x0000000706500000, 0x0000000706600000|  0%| F|  |TAMS 0x0000000706500000, 0x0000000706500000| Untracked 
|  72|0x0000000706600000, 0x0000000706600000, 0x0000000706700000|  0%| F|  |TAMS 0x0000000706600000, 0x0000000706600000| Untracked 
|  73|0x0000000706700000, 0x0000000706700000, 0x0000000706800000|  0%| F|  |TAMS 0x0000000706700000, 0x0000000706700000| Untracked 
|  74|0x0000000706800000, 0x0000000706800000, 0x0000000706900000|  0%| F|  |TAMS 0x0000000706800000, 0x0000000706800000| Untracked 
|  75|0x0000000706900000, 0x0000000706900000, 0x0000000706a00000|  0%| F|  |TAMS 0x0000000706900000, 0x0000000706900000| Untracked 
|  76|0x0000000706a00000, 0x0000000706a00000, 0x0000000706b00000|  0%| F|  |TAMS 0x0000000706a00000, 0x0000000706a00000| Untracked 
|  77|0x0000000706b00000, 0x0000000706b00000, 0x0000000706c00000|  0%| F|  |TAMS 0x0000000706b00000, 0x0000000706b00000| Untracked 
|  78|0x0000000706c00000, 0x0000000706c00000, 0x0000000706d00000|  0%| F|  |TAMS 0x0000000706c00000, 0x0000000706c00000| Untracked 
|  79|0x0000000706d00000, 0x0000000706d00000, 0x0000000706e00000|  0%| F|  |TAMS 0x0000000706d00000, 0x0000000706d00000| Untracked 
|  80|0x0000000706e00000, 0x0000000706e00000, 0x0000000706f00000|  0%| F|  |TAMS 0x0000000706e00000, 0x0000000706e00000| Untracked 
|  81|0x0000000706f00000, 0x0000000706f00000, 0x0000000707000000|  0%| F|  |TAMS 0x0000000706f00000, 0x0000000706f00000| Untracked 
|  82|0x0000000707000000, 0x0000000707000000, 0x0000000707100000|  0%| F|  |TAMS 0x0000000707000000, 0x0000000707000000| Untracked 
|  83|0x0000000707100000, 0x0000000707100000, 0x0000000707200000|  0%| F|  |TAMS 0x0000000707100000, 0x0000000707100000| Untracked 
|  84|0x0000000707200000, 0x0000000707200000, 0x0000000707300000|  0%| F|  |TAMS 0x0000000707200000, 0x0000000707200000| Untracked 
|  85|0x0000000707300000, 0x0000000707300000, 0x0000000707400000|  0%| F|  |TAMS 0x0000000707300000, 0x0000000707300000| Untracked 
|  86|0x0000000707400000, 0x0000000707400000, 0x0000000707500000|  0%| F|  |TAMS 0x0000000707400000, 0x0000000707400000| Untracked 
|  87|0x0000000707500000, 0x0000000707500000, 0x0000000707600000|  0%| F|  |TAMS 0x0000000707500000, 0x0000000707500000| Untracked 
|  88|0x0000000707600000, 0x0000000707600000, 0x0000000707700000|  0%| F|  |TAMS 0x0000000707600000, 0x0000000707600000| Untracked 
|  89|0x0000000707700000, 0x0000000707700000, 0x0000000707800000|  0%| F|  |TAMS 0x0000000707700000, 0x0000000707700000| Untracked 
|  90|0x0000000707800000, 0x0000000707800000, 0x0000000707900000|  0%| F|  |TAMS 0x0000000707800000, 0x0000000707800000| Untracked 
|  91|0x0000000707900000, 0x0000000707900000, 0x0000000707a00000|  0%| F|  |TAMS 0x0000000707900000, 0x0000000707900000| Untracked 
|  92|0x0000000707a00000, 0x0000000707a00000, 0x0000000707b00000|  0%| F|  |TAMS 0x0000000707a00000, 0x0000000707a00000| Untracked 
|  93|0x0000000707b00000, 0x0000000707b00000, 0x0000000707c00000|  0%| F|  |TAMS 0x0000000707b00000, 0x0000000707b00000| Untracked 
|  94|0x0000000707c00000, 0x0000000707c00000, 0x0000000707d00000|  0%| F|  |TAMS 0x0000000707c00000, 0x0000000707c00000| Untracked 
|  95|0x0000000707d00000, 0x0000000707d00000, 0x0000000707e00000|  0%| F|  |TAMS 0x0000000707d00000, 0x0000000707d00000| Untracked 
|  96|0x0000000707e00000, 0x0000000707e00000, 0x0000000707f00000|  0%| F|  |TAMS 0x0000000707e00000, 0x0000000707e00000| Untracked 
|  97|0x0000000707f00000, 0x0000000707f00000, 0x0000000708000000|  0%| F|  |TAMS 0x0000000707f00000, 0x0000000707f00000| Untracked 
|  98|0x0000000708000000, 0x0000000708000000, 0x0000000708100000|  0%| F|  |TAMS 0x0000000708000000, 0x0000000708000000| Untracked 
|  99|0x0000000708100000, 0x0000000708100000, 0x0000000708200000|  0%| F|  |TAMS 0x0000000708100000, 0x0000000708100000| Untracked 
| 100|0x0000000708200000, 0x0000000708200000, 0x0000000708300000|  0%| F|  |TAMS 0x0000000708200000, 0x0000000708200000| Untracked 
| 101|0x0000000708300000, 0x0000000708300000, 0x0000000708400000|  0%| F|  |TAMS 0x0000000708300000, 0x0000000708300000| Untracked 
| 102|0x0000000708400000, 0x0000000708400000, 0x0000000708500000|  0%| F|  |TAMS 0x0000000708400000, 0x0000000708400000| Untracked 
| 103|0x0000000708500000, 0x0000000708500000, 0x0000000708600000|  0%| F|  |TAMS 0x0000000708500000, 0x0000000708500000| Untracked 
| 104|0x0000000708600000, 0x0000000708600000, 0x0000000708700000|  0%| F|  |TAMS 0x0000000708600000, 0x0000000708600000| Untracked 
| 105|0x0000000708700000, 0x0000000708700000, 0x0000000708800000|  0%| F|  |TAMS 0x0000000708700000, 0x0000000708700000| Untracked 
| 106|0x0000000708800000, 0x0000000708800000, 0x0000000708900000|  0%| F|  |TAMS 0x0000000708800000, 0x0000000708800000| Untracked 
| 107|0x0000000708900000, 0x0000000708900000, 0x0000000708a00000|  0%| F|  |TAMS 0x0000000708900000, 0x0000000708900000| Untracked 
| 108|0x0000000708a00000, 0x0000000708a00000, 0x0000000708b00000|  0%| F|  |TAMS 0x0000000708a00000, 0x0000000708a00000| Untracked 
| 109|0x0000000708b00000, 0x0000000708b00000, 0x0000000708c00000|  0%| F|  |TAMS 0x0000000708b00000, 0x0000000708b00000| Untracked 
| 110|0x0000000708c00000, 0x0000000708c00000, 0x0000000708d00000|  0%| F|  |TAMS 0x0000000708c00000, 0x0000000708c00000| Untracked 
| 111|0x0000000708d00000, 0x0000000708d00000, 0x0000000708e00000|  0%| F|  |TAMS 0x0000000708d00000, 0x0000000708d00000| Untracked 
| 112|0x0000000708e00000, 0x0000000708e00000, 0x0000000708f00000|  0%| F|  |TAMS 0x0000000708e00000, 0x0000000708e00000| Untracked 
| 113|0x0000000708f00000, 0x0000000708f00000, 0x0000000709000000|  0%| F|  |TAMS 0x0000000708f00000, 0x0000000708f00000| Untracked 
| 114|0x0000000709000000, 0x0000000709000000, 0x0000000709100000|  0%| F|  |TAMS 0x0000000709000000, 0x0000000709000000| Untracked 
| 115|0x0000000709100000, 0x0000000709100000, 0x0000000709200000|  0%| F|  |TAMS 0x0000000709100000, 0x0000000709100000| Untracked 
| 116|0x0000000709200000, 0x0000000709200000, 0x0000000709300000|  0%| F|  |TAMS 0x0000000709200000, 0x0000000709200000| Untracked 
| 117|0x0000000709300000, 0x0000000709300000, 0x0000000709400000|  0%| F|  |TAMS 0x0000000709300000, 0x0000000709300000| Untracked 
| 118|0x0000000709400000, 0x0000000709400000, 0x0000000709500000|  0%| F|  |TAMS 0x0000000709400000, 0x0000000709400000| Untracked 
| 119|0x0000000709500000, 0x0000000709500000, 0x0000000709600000|  0%| F|  |TAMS 0x0000000709500000, 0x0000000709500000| Untracked 
| 120|0x0000000709600000, 0x0000000709600000, 0x0000000709700000|  0%| F|  |TAMS 0x0000000709600000, 0x0000000709600000| Untracked 
| 121|0x0000000709700000, 0x0000000709700000, 0x0000000709800000|  0%| F|  |TAMS 0x0000000709700000, 0x0000000709700000| Untracked 
| 122|0x0000000709800000, 0x0000000709800000, 0x0000000709900000|  0%| F|  |TAMS 0x0000000709800000, 0x0000000709800000| Untracked 
| 123|0x0000000709900000, 0x0000000709900000, 0x0000000709a00000|  0%| F|  |TAMS 0x0000000709900000, 0x0000000709900000| Untracked 
| 124|0x0000000709a00000, 0x0000000709a00000, 0x0000000709b00000|  0%| F|  |TAMS 0x0000000709a00000, 0x0000000709a00000| Untracked 
| 125|0x0000000709b00000, 0x0000000709b00000, 0x0000000709c00000|  0%| F|  |TAMS 0x0000000709b00000, 0x0000000709b00000| Untracked 
| 126|0x0000000709c00000, 0x0000000709c00000, 0x0000000709d00000|  0%| F|  |TAMS 0x0000000709c00000, 0x0000000709c00000| Untracked 
| 127|0x0000000709d00000, 0x0000000709d00000, 0x0000000709e00000|  0%| F|  |TAMS 0x0000000709d00000, 0x0000000709d00000| Untracked 
| 128|0x0000000709e00000, 0x0000000709e00000, 0x0000000709f00000|  0%| F|  |TAMS 0x0000000709e00000, 0x0000000709e00000| Untracked 
| 129|0x0000000709f00000, 0x0000000709f00000, 0x000000070a000000|  0%| F|  |TAMS 0x0000000709f00000, 0x0000000709f00000| Untracked 
| 130|0x000000070a000000, 0x000000070a000000, 0x000000070a100000|  0%| F|  |TAMS 0x000000070a000000, 0x000000070a000000| Untracked 
| 131|0x000000070a100000, 0x000000070a100000, 0x000000070a200000|  0%| F|  |TAMS 0x000000070a100000, 0x000000070a100000| Untracked 
| 132|0x000000070a200000, 0x000000070a200000, 0x000000070a300000|  0%| F|  |TAMS 0x000000070a200000, 0x000000070a200000| Untracked 
| 133|0x000000070a300000, 0x000000070a300000, 0x000000070a400000|  0%| F|  |TAMS 0x000000070a300000, 0x000000070a300000| Untracked 
| 134|0x000000070a400000, 0x000000070a400000, 0x000000070a500000|  0%| F|  |TAMS 0x000000070a400000, 0x000000070a400000| Untracked 
| 135|0x000000070a500000, 0x000000070a500000, 0x000000070a600000|  0%| F|  |TAMS 0x000000070a500000, 0x000000070a500000| Untracked 
| 136|0x000000070a600000, 0x000000070a600000, 0x000000070a700000|  0%| F|  |TAMS 0x000000070a600000, 0x000000070a600000| Untracked 
| 137|0x000000070a700000, 0x000000070a700000, 0x000000070a800000|  0%| F|  |TAMS 0x000000070a700000, 0x000000070a700000| Untracked 
| 138|0x000000070a800000, 0x000000070a800000, 0x000000070a900000|  0%| F|  |TAMS 0x000000070a800000, 0x000000070a800000| Untracked 
| 139|0x000000070a900000, 0x000000070a900000, 0x000000070aa00000|  0%| F|  |TAMS 0x000000070a900000, 0x000000070a900000| Untracked 
| 140|0x000000070aa00000, 0x000000070aa00000, 0x000000070ab00000|  0%| F|  |TAMS 0x000000070aa00000, 0x000000070aa00000| Untracked 
| 141|0x000000070ab00000, 0x000000070ab00000, 0x000000070ac00000|  0%| F|  |TAMS 0x000000070ab00000, 0x000000070ab00000| Untracked 
| 142|0x000000070ac00000, 0x000000070ac00000, 0x000000070ad00000|  0%| F|  |TAMS 0x000000070ac00000, 0x000000070ac00000| Untracked 
| 143|0x000000070ad00000, 0x000000070ad00000, 0x000000070ae00000|  0%| F|  |TAMS 0x000000070ad00000, 0x000000070ad00000| Untracked 
| 144|0x000000070ae00000, 0x000000070ae00000, 0x000000070af00000|  0%| F|  |TAMS 0x000000070ae00000, 0x000000070ae00000| Untracked 
| 145|0x000000070af00000, 0x000000070af00000, 0x000000070b000000|  0%| F|  |TAMS 0x000000070af00000, 0x000000070af00000| Untracked 
| 146|0x000000070b000000, 0x000000070b000000, 0x000000070b100000|  0%| F|  |TAMS 0x000000070b000000, 0x000000070b000000| Untracked 
| 147|0x000000070b100000, 0x000000070b100000, 0x000000070b200000|  0%| F|  |TAMS 0x000000070b100000, 0x000000070b100000| Untracked 
| 148|0x000000070b200000, 0x000000070b200000, 0x000000070b300000|  0%| F|  |TAMS 0x000000070b200000, 0x000000070b200000| Untracked 
| 149|0x000000070b300000, 0x000000070b300000, 0x000000070b400000|  0%| F|  |TAMS 0x000000070b300000, 0x000000070b300000| Untracked 
| 150|0x000000070b400000, 0x000000070b400000, 0x000000070b500000|  0%| F|  |TAMS 0x000000070b400000, 0x000000070b400000| Untracked 
| 151|0x000000070b500000, 0x000000070b500000, 0x000000070b600000|  0%| F|  |TAMS 0x000000070b500000, 0x000000070b500000| Untracked 
| 152|0x000000070b600000, 0x000000070b600000, 0x000000070b700000|  0%| F|  |TAMS 0x000000070b600000, 0x000000070b600000| Untracked 
| 153|0x000000070b700000, 0x000000070b700000, 0x000000070b800000|  0%| F|  |TAMS 0x000000070b700000, 0x000000070b700000| Untracked 
| 154|0x000000070b800000, 0x000000070b800000, 0x000000070b900000|  0%| F|  |TAMS 0x000000070b800000, 0x000000070b800000| Untracked 
| 155|0x000000070b900000, 0x000000070b900000, 0x000000070ba00000|  0%| F|  |TAMS 0x000000070b900000, 0x000000070b900000| Untracked 
| 156|0x000000070ba00000, 0x000000070ba00000, 0x000000070bb00000|  0%| F|  |TAMS 0x000000070ba00000, 0x000000070ba00000| Untracked 
| 157|0x000000070bb00000, 0x000000070bb00000, 0x000000070bc00000|  0%| F|  |TAMS 0x000000070bb00000, 0x000000070bb00000| Untracked 
| 158|0x000000070bc00000, 0x000000070bc00000, 0x000000070bd00000|  0%| F|  |TAMS 0x000000070bc00000, 0x000000070bc00000| Untracked 
| 159|0x000000070bd00000, 0x000000070bd00000, 0x000000070be00000|  0%| F|  |TAMS 0x000000070bd00000, 0x000000070bd00000| Untracked 
| 160|0x000000070be00000, 0x000000070be00000, 0x000000070bf00000|  0%| F|  |TAMS 0x000000070be00000, 0x000000070be00000| Untracked 
| 161|0x000000070bf00000, 0x000000070bf00000, 0x000000070c000000|  0%| F|  |TAMS 0x000000070bf00000, 0x000000070bf00000| Untracked 
| 162|0x000000070c000000, 0x000000070c000000, 0x000000070c100000|  0%| F|  |TAMS 0x000000070c000000, 0x000000070c000000| Untracked 
| 163|0x000000070c100000, 0x000000070c100000, 0x000000070c200000|  0%| F|  |TAMS 0x000000070c100000, 0x000000070c100000| Untracked 
| 164|0x000000070c200000, 0x000000070c200000, 0x000000070c300000|  0%| F|  |TAMS 0x000000070c200000, 0x000000070c200000| Untracked 
| 165|0x000000070c300000, 0x000000070c300000, 0x000000070c400000|  0%| F|  |TAMS 0x000000070c300000, 0x000000070c300000| Untracked 
| 166|0x000000070c400000, 0x000000070c400000, 0x000000070c500000|  0%| F|  |TAMS 0x000000070c400000, 0x000000070c400000| Untracked 
| 167|0x000000070c500000, 0x000000070c500000, 0x000000070c600000|  0%| F|  |TAMS 0x000000070c500000, 0x000000070c500000| Untracked 
| 168|0x000000070c600000, 0x000000070c600000, 0x000000070c700000|  0%| F|  |TAMS 0x000000070c600000, 0x000000070c600000| Untracked 
| 169|0x000000070c700000, 0x000000070c700000, 0x000000070c800000|  0%| F|  |TAMS 0x000000070c700000, 0x000000070c700000| Untracked 
| 170|0x000000070c800000, 0x000000070c800000, 0x000000070c900000|  0%| F|  |TAMS 0x000000070c800000, 0x000000070c800000| Untracked 
| 171|0x000000070c900000, 0x000000070c900000, 0x000000070ca00000|  0%| F|  |TAMS 0x000000070c900000, 0x000000070c900000| Untracked 
| 172|0x000000070ca00000, 0x000000070ca00000, 0x000000070cb00000|  0%| F|  |TAMS 0x000000070ca00000, 0x000000070ca00000| Untracked 
| 173|0x000000070cb00000, 0x000000070cb00000, 0x000000070cc00000|  0%| F|  |TAMS 0x000000070cb00000, 0x000000070cb00000| Untracked 
| 174|0x000000070cc00000, 0x000000070cc00000, 0x000000070cd00000|  0%| F|  |TAMS 0x000000070cc00000, 0x000000070cc00000| Untracked 
| 175|0x000000070cd00000, 0x000000070cd00000, 0x000000070ce00000|  0%| F|  |TAMS 0x000000070cd00000, 0x000000070cd00000| Untracked 
| 176|0x000000070ce00000, 0x000000070ce00000, 0x000000070cf00000|  0%| F|  |TAMS 0x000000070ce00000, 0x000000070ce00000| Untracked 
| 177|0x000000070cf00000, 0x000000070cf00000, 0x000000070d000000|  0%| F|  |TAMS 0x000000070cf00000, 0x000000070cf00000| Untracked 
| 178|0x000000070d000000, 0x000000070d000000, 0x000000070d100000|  0%| F|  |TAMS 0x000000070d000000, 0x000000070d000000| Untracked 
| 179|0x000000070d100000, 0x000000070d100000, 0x000000070d200000|  0%| F|  |TAMS 0x000000070d100000, 0x000000070d100000| Untracked 
| 180|0x000000070d200000, 0x000000070d200000, 0x000000070d300000|  0%| F|  |TAMS 0x000000070d200000, 0x000000070d200000| Untracked 
| 181|0x000000070d300000, 0x000000070d300000, 0x000000070d400000|  0%| F|  |TAMS 0x000000070d300000, 0x000000070d300000| Untracked 
| 182|0x000000070d400000, 0x000000070d400000, 0x000000070d500000|  0%| F|  |TAMS 0x000000070d400000, 0x000000070d400000| Untracked 
| 183|0x000000070d500000, 0x000000070d500000, 0x000000070d600000|  0%| F|  |TAMS 0x000000070d500000, 0x000000070d500000| Untracked 
| 184|0x000000070d600000, 0x000000070d600000, 0x000000070d700000|  0%| F|  |TAMS 0x000000070d600000, 0x000000070d600000| Untracked 
| 185|0x000000070d700000, 0x000000070d700000, 0x000000070d800000|  0%| F|  |TAMS 0x000000070d700000, 0x000000070d700000| Untracked 
| 186|0x000000070d800000, 0x000000070d800000, 0x000000070d900000|  0%| F|  |TAMS 0x000000070d800000, 0x000000070d800000| Untracked 
| 187|0x000000070d900000, 0x000000070d900000, 0x000000070da00000|  0%| F|  |TAMS 0x000000070d900000, 0x000000070d900000| Untracked 
| 188|0x000000070da00000, 0x000000070da00000, 0x000000070db00000|  0%| F|  |TAMS 0x000000070da00000, 0x000000070da00000| Untracked 
| 189|0x000000070db00000, 0x000000070db00000, 0x000000070dc00000|  0%| F|  |TAMS 0x000000070db00000, 0x000000070db00000| Untracked 
| 190|0x000000070dc00000, 0x000000070dc00000, 0x000000070dd00000|  0%| F|  |TAMS 0x000000070dc00000, 0x000000070dc00000| Untracked 
| 191|0x000000070dd00000, 0x000000070dd00000, 0x000000070de00000|  0%| F|  |TAMS 0x000000070dd00000, 0x000000070dd00000| Untracked 
| 192|0x000000070de00000, 0x000000070de00000, 0x000000070df00000|  0%| F|  |TAMS 0x000000070de00000, 0x000000070de00000| Untracked 
| 193|0x000000070df00000, 0x000000070df82010, 0x000000070e000000| 50%| E|  |TAMS 0x000000070df00000, 0x000000070df00000| Complete 
| 194|0x000000070e000000, 0x000000070e100000, 0x000000070e100000|100%| E|CS|TAMS 0x000000070e000000, 0x000000070e000000| Complete 
| 195|0x000000070e100000, 0x000000070e200000, 0x000000070e200000|100%| E|CS|TAMS 0x000000070e100000, 0x000000070e100000| Complete 
| 196|0x000000070e200000, 0x000000070e300000, 0x000000070e300000|100%| E|CS|TAMS 0x000000070e200000, 0x000000070e200000| Complete 
| 197|0x000000070e300000, 0x000000070e400000, 0x000000070e400000|100%| E|CS|TAMS 0x000000070e300000, 0x000000070e300000| Complete 
| 198|0x000000070e400000, 0x000000070e500000, 0x000000070e500000|100%| E|CS|TAMS 0x000000070e400000, 0x000000070e400000| Complete 
| 199|0x000000070e500000, 0x000000070e600000, 0x000000070e600000|100%| E|CS|TAMS 0x000000070e500000, 0x000000070e500000| Complete 
| 200|0x000000070e600000, 0x000000070e700000, 0x000000070e700000|100%| E|CS|TAMS 0x000000070e600000, 0x000000070e600000| Complete 
| 201|0x000000070e700000, 0x000000070e800000, 0x000000070e800000|100%| E|CS|TAMS 0x000000070e700000, 0x000000070e700000| Complete 
| 202|0x000000070e800000, 0x000000070e900000, 0x000000070e900000|100%| E|CS|TAMS 0x000000070e800000, 0x000000070e800000| Complete 
| 203|0x000000070e900000, 0x000000070ea00000, 0x000000070ea00000|100%| E|CS|TAMS 0x000000070e900000, 0x000000070e900000| Complete 
| 204|0x000000070ea00000, 0x000000070eb00000, 0x000000070eb00000|100%| E|CS|TAMS 0x000000070ea00000, 0x000000070ea00000| Complete 
| 205|0x000000070eb00000, 0x000000070ec00000, 0x000000070ec00000|100%| E|CS|TAMS 0x000000070eb00000, 0x000000070eb00000| Complete 
| 206|0x000000070ec00000, 0x000000070ed00000, 0x000000070ed00000|100%| E|CS|TAMS 0x000000070ec00000, 0x000000070ec00000| Complete 
| 207|0x000000070ed00000, 0x000000070ee00000, 0x000000070ee00000|100%| E|CS|TAMS 0x000000070ed00000, 0x000000070ed00000| Complete 
| 208|0x000000070ee00000, 0x000000070ef00000, 0x000000070ef00000|100%| E|CS|TAMS 0x000000070ee00000, 0x000000070ee00000| Complete 
| 209|0x000000070ef00000, 0x000000070f000000, 0x000000070f000000|100%| E|CS|TAMS 0x000000070ef00000, 0x000000070ef00000| Complete 
| 210|0x000000070f000000, 0x000000070f100000, 0x000000070f100000|100%| E|CS|TAMS 0x000000070f000000, 0x000000070f000000| Complete 
| 211|0x000000070f100000, 0x000000070f200000, 0x000000070f200000|100%| E|CS|TAMS 0x000000070f100000, 0x000000070f100000| Complete 
| 212|0x000000070f200000, 0x000000070f300000, 0x000000070f300000|100%| E|CS|TAMS 0x000000070f200000, 0x000000070f200000| Complete 
| 213|0x000000070f300000, 0x000000070f400000, 0x000000070f400000|100%| E|CS|TAMS 0x000000070f300000, 0x000000070f300000| Complete 
| 214|0x000000070f400000, 0x000000070f500000, 0x000000070f500000|100%| E|CS|TAMS 0x000000070f400000, 0x000000070f400000| Complete 
| 215|0x000000070f500000, 0x000000070f600000, 0x000000070f600000|100%| E|CS|TAMS 0x000000070f500000, 0x000000070f500000| Complete 
| 216|0x000000070f600000, 0x000000070f700000, 0x000000070f700000|100%| E|CS|TAMS 0x000000070f600000, 0x000000070f600000| Complete 
| 217|0x000000070f700000, 0x000000070f800000, 0x000000070f800000|100%| E|CS|TAMS 0x000000070f700000, 0x000000070f700000| Complete 
| 218|0x000000070f800000, 0x000000070f900000, 0x000000070f900000|100%| E|CS|TAMS 0x000000070f800000, 0x000000070f800000| Complete 
| 219|0x000000070f900000, 0x000000070fa00000, 0x000000070fa00000|100%| E|CS|TAMS 0x000000070f900000, 0x000000070f900000| Complete 
| 220|0x000000070fa00000, 0x000000070fb00000, 0x000000070fb00000|100%| E|CS|TAMS 0x000000070fa00000, 0x000000070fa00000| Complete 
| 221|0x000000070fb00000, 0x000000070fc00000, 0x000000070fc00000|100%| E|CS|TAMS 0x000000070fb00000, 0x000000070fb00000| Complete 
| 222|0x000000070fc00000, 0x000000070fd00000, 0x000000070fd00000|100%| E|CS|TAMS 0x000000070fc00000, 0x000000070fc00000| Complete 
| 223|0x000000070fd00000, 0x000000070fe00000, 0x000000070fe00000|100%| E|CS|TAMS 0x000000070fd00000, 0x000000070fd00000| Complete 
| 224|0x000000070fe00000, 0x000000070ff00000, 0x000000070ff00000|100%| E|CS|TAMS 0x000000070fe00000, 0x000000070fe00000| Complete 
| 225|0x000000070ff00000, 0x0000000710000000, 0x0000000710000000|100%| E|CS|TAMS 0x000000070ff00000, 0x000000070ff00000| Complete 
| 226|0x0000000710000000, 0x0000000710100000, 0x0000000710100000|100%| E|CS|TAMS 0x0000000710000000, 0x0000000710000000| Complete 
| 227|0x0000000710100000, 0x0000000710200000, 0x0000000710200000|100%| E|CS|TAMS 0x0000000710100000, 0x0000000710100000| Complete 
| 228|0x0000000710200000, 0x0000000710300000, 0x0000000710300000|100%| E|CS|TAMS 0x0000000710200000, 0x0000000710200000| Complete 
| 229|0x0000000710300000, 0x0000000710400000, 0x0000000710400000|100%| S|CS|TAMS 0x0000000710300000, 0x0000000710300000| Complete 
| 230|0x0000000710400000, 0x0000000710500000, 0x0000000710500000|100%| S|CS|TAMS 0x0000000710400000, 0x0000000710400000| Complete 
| 231|0x0000000710500000, 0x0000000710600000, 0x0000000710600000|100%| S|CS|TAMS 0x0000000710500000, 0x0000000710500000| Complete 
| 232|0x0000000710600000, 0x0000000710700000, 0x0000000710700000|100%| E|CS|TAMS 0x0000000710600000, 0x0000000710600000| Complete 
| 233|0x0000000710700000, 0x0000000710800000, 0x0000000710800000|100%| E|CS|TAMS 0x0000000710700000, 0x0000000710700000| Complete 
| 234|0x0000000710800000, 0x0000000710900000, 0x0000000710900000|100%| E|CS|TAMS 0x0000000710800000, 0x0000000710800000| Complete 
| 235|0x0000000710900000, 0x0000000710a00000, 0x0000000710a00000|100%| E|CS|TAMS 0x0000000710900000, 0x0000000710900000| Complete 
| 236|0x0000000710a00000, 0x0000000710b00000, 0x0000000710b00000|100%| E|CS|TAMS 0x0000000710a00000, 0x0000000710a00000| Complete 
| 237|0x0000000710b00000, 0x0000000710c00000, 0x0000000710c00000|100%| E|CS|TAMS 0x0000000710b00000, 0x0000000710b00000| Complete 
| 238|0x0000000710c00000, 0x0000000710d00000, 0x0000000710d00000|100%| E|CS|TAMS 0x0000000710c00000, 0x0000000710c00000| Complete 
| 239|0x0000000710d00000, 0x0000000710e00000, 0x0000000710e00000|100%| E|CS|TAMS 0x0000000710d00000, 0x0000000710d00000| Complete 
| 240|0x0000000710e00000, 0x0000000710f00000, 0x0000000710f00000|100%| E|CS|TAMS 0x0000000710e00000, 0x0000000710e00000| Complete 
| 241|0x0000000710f00000, 0x0000000711000000, 0x0000000711000000|100%| E|CS|TAMS 0x0000000710f00000, 0x0000000710f00000| Complete 
| 242|0x0000000711000000, 0x0000000711100000, 0x0000000711100000|100%| E|CS|TAMS 0x0000000711000000, 0x0000000711000000| Complete 
| 243|0x0000000711100000, 0x0000000711200000, 0x0000000711200000|100%| E|CS|TAMS 0x0000000711100000, 0x0000000711100000| Complete 
| 244|0x0000000711200000, 0x0000000711300000, 0x0000000711300000|100%| E|CS|TAMS 0x0000000711200000, 0x0000000711200000| Complete 
| 245|0x0000000711300000, 0x0000000711400000, 0x0000000711400000|100%| E|CS|TAMS 0x0000000711300000, 0x0000000711300000| Complete 
| 246|0x0000000711400000, 0x0000000711500000, 0x0000000711500000|100%| E|CS|TAMS 0x0000000711400000, 0x0000000711400000| Complete 
| 247|0x0000000711500000, 0x0000000711600000, 0x0000000711600000|100%| E|CS|TAMS 0x0000000711500000, 0x0000000711500000| Complete 
| 248|0x0000000711600000, 0x0000000711700000, 0x0000000711700000|100%| E|CS|TAMS 0x0000000711600000, 0x0000000711600000| Complete 
| 249|0x0000000711700000, 0x0000000711800000, 0x0000000711800000|100%| E|CS|TAMS 0x0000000711700000, 0x0000000711700000| Complete 
| 250|0x0000000711800000, 0x0000000711900000, 0x0000000711900000|100%| E|CS|TAMS 0x0000000711800000, 0x0000000711800000| Complete 
| 251|0x0000000711900000, 0x0000000711a00000, 0x0000000711a00000|100%| E|CS|TAMS 0x0000000711900000, 0x0000000711900000| Complete 
| 252|0x0000000711a00000, 0x0000000711b00000, 0x0000000711b00000|100%| E|CS|TAMS 0x0000000711a00000, 0x0000000711a00000| Complete 
| 253|0x0000000711b00000, 0x0000000711c00000, 0x0000000711c00000|100%| E|CS|TAMS 0x0000000711b00000, 0x0000000711b00000| Complete 
| 254|0x0000000711c00000, 0x0000000711d00000, 0x0000000711d00000|100%| E|CS|TAMS 0x0000000711c00000, 0x0000000711c00000| Complete 
| 255|0x0000000711d00000, 0x0000000711e00000, 0x0000000711e00000|100%| E|CS|TAMS 0x0000000711d00000, 0x0000000711d00000| Complete 

Card table byte_map: [0x0000019c16c50000,0x0000019c17450000] _byte_map_base: 0x0000019c13441000

Marking Bits (Prev, Next): (CMBitMap*) 0x0000019c032c28f8, (CMBitMap*) 0x0000019c032c2930
 Prev Bits: [0x0000019c17c50000, 0x0000019c1bbd8000)
 Next Bits: [0x0000019c1bbe0000, 0x0000019c1fb68000)

Polling page: 0x0000019c01120000

Metaspace:

Usage:
  Non-class:     12.25 MB capacity,    11.34 MB ( 93%) used,   906.82 KB (  7%) free+waste,    18.63 KB ( <1%) overhead. 
      Class:      1.70 MB capacity,     1.51 MB ( 89%) used,   185.59 KB ( 11%) free+waste,     8.69 KB ( <1%) overhead. 
       Both:     13.95 MB capacity,    12.86 MB ( 92%) used,     1.07 MB (  8%) free+waste,    27.31 KB ( <1%) overhead. 

Virtual space:
  Non-class space:       14.00 MB reserved,      12.25 MB ( 88%) committed 
      Class space:        1.00 GB reserved,       1.75 MB ( <1%) committed 
             Both:        1.01 GB reserved,      14.00 MB (  1%) committed 

Chunk freelists:
   Non-Class:  3.00 KB
       Class:  15.00 KB
        Both:  18.00 KB

MaxMetaspaceSize: 17179869184.00 GB
CompressedClassSpaceSize: 1.00 GB

CodeHeap 'non-profiled nmethods': size=120000Kb used=1082Kb max_used=1082Kb free=118918Kb
 bounds [0x0000019c0ebf0000, 0x0000019c0ee60000, 0x0000019c16120000]
CodeHeap 'profiled nmethods': size=120000Kb used=5351Kb max_used=5351Kb free=114648Kb
 bounds [0x0000019c076c0000, 0x0000019c07c00000, 0x0000019c0ebf0000]
CodeHeap 'non-nmethods': size=5760Kb used=1121Kb max_used=1159Kb free=4639Kb
 bounds [0x0000019c07120000, 0x0000019c07390000, 0x0000019c076c0000]
 total_blobs=3780 nmethods=2475 adapters=336
 compilation: enabled
              stopped_count=0, restarted_count=0
 full_count=0

Compilation events (20 events):
Event: 2.895 Thread 0x0000019c226e8000 nmethod 2379 0x0000019c07ba7210 code [0x0000019c07ba74a0, 0x0000019c07ba7fd0]
Event: 2.895 Thread 0x0000019c226e0000 2361       4       org.eclipse.sisu.plexus.RealmFilteredBeans$FilteredItr::hasNext (81 bytes)
Event: 2.895 Thread 0x0000019c226e8000 2380       1       java.io.File::getPrefixLength (5 bytes)
Event: 2.895 Thread 0x0000019c226e8000 nmethod 2380 0x0000019c0ece5f10 code [0x0000019c0ece60c0, 0x0000019c0ece61f8]
Event: 2.926 Thread 0x0000019c226e8000 2381       3       org.apache.maven.model.io.xpp3.MavenXpp3ReaderEx::nextTag (64 bytes)
Event: 2.927 Thread 0x0000019c226e8000 nmethod 2381 0x0000019c07ba8410 code [0x0000019c07ba86c0, 0x0000019c07ba9320]
Event: 2.927 Thread 0x0000019c226e8000 2382       3       org.codehaus.plexus.util.xml.pull.MXParser::nextImpl (1202 bytes)
Event: 2.931 Thread 0x0000019c226e8000 nmethod 2382 0x0000019c07ba9790 code [0x0000019c07ba9e80, 0x0000019c07bada00]
Event: 2.931 Thread 0x0000019c226e8000 2383       3       org.codehaus.plexus.util.xml.Xpp3Dom::addChild (32 bytes)
Event: 2.932 Thread 0x0000019c226e8000 nmethod 2383 0x0000019c07baeb90 code [0x0000019c07baed80, 0x0000019c07baf1a0]
Event: 2.932 Thread 0x0000019c226e8000 2385       3       java.util.regex.Matcher::getTextLength (10 bytes)
Event: 2.932 Thread 0x0000019c226e8000 nmethod 2385 0x0000019c07baf310 code [0x0000019c07baf4e0, 0x0000019c07baf730]
Event: 2.932 Thread 0x0000019c226e8000 2384       3       org.codehaus.plexus.util.xml.Xpp3Dom::<init> (10 bytes)
Event: 2.932 Thread 0x0000019c226e8000 nmethod 2384 0x0000019c07baf810 code [0x0000019c07baf9e0, 0x0000019c07bafbd0]
Event: 2.970 Thread 0x0000019c234d1000 nmethod 2068 0x0000019c0ece6290 code [0x0000019c0ece6700, 0x0000019c0ececff0]
Event: 2.971 Thread 0x0000019c234d1000 2378       4       org.codehaus.plexus.util.xml.pull.MXParser::next (10 bytes)
Event: 2.971 Thread 0x0000019c234d1000 nmethod 2378 0x0000019c0ecf0710 code [0x0000019c0ecf08a0, 0x0000019c0ecf0948]
Event: 2.971 Thread 0x0000019c234d1000 2333       4       java.lang.String::isEmpty (14 bytes)
Event: 2.972 Thread 0x0000019c234d1000 nmethod 2333 0x0000019c0ecf0a10 code [0x0000019c0ecf0ba0, 0x0000019c0ecf0c38]
Event: 2.972 Thread 0x0000019c234d1000 2334       4       java.lang.String::trim (35 bytes)

GC Heap History (2 events):
Event: 1.712 GC heap before
{Heap before GC invocations=0 (full 0):
 garbage-first heap   total 262144K, used 23552K [0x0000000701e00000, 0x0000000800000000)
  region size 1024K, 24 young (24576K), 0 survivors (0K)
 Metaspace       used 6118K, capacity 7799K, committed 8064K, reserved 1056768K
  class space    used 700K, capacity 880K, committed 896K, reserved 1048576K
}
Event: 1.717 GC heap after
{Heap after GC invocations=1 (full 0):
 garbage-first heap   total 262144K, used 3855K [0x0000000701e00000, 0x0000000800000000)
  region size 1024K, 3 young (3072K), 3 survivors (3072K)
 Metaspace       used 6118K, capacity 7799K, committed 8064K, reserved 1056768K
  class space    used 700K, capacity 880K, committed 896K, reserved 1048576K
}

Deoptimization events (20 events):
Event: 2.804 Thread 0x0000019c0325e000 Uncommon trap: trap_request=0xffffff6e fr.pc=0x0000019c0ecd8f34 relative=0x00000000000000f4
Event: 2.804 Thread 0x0000019c0325e000 Uncommon trap: reason=speculate_class_check action=maybe_recompile pc=0x0000019c0ecd8f34 method=jdk.internal.reflect.UnsafeObjectFieldAccessorImpl.get(Ljava/lang/Object;)Ljava/lang/Object; @ 13 c2
Event: 2.804 Thread 0x0000019c0325e000 DEOPT PACKING pc=0x0000019c0ecd8f34 sp=0x0000003ecd0fc0c0
Event: 2.804 Thread 0x0000019c0325e000 DEOPT UNPACKING pc=0x0000019c0714922f sp=0x0000003ecd0fc058 mode 2
Event: 2.804 Thread 0x0000019c0325e000 Uncommon trap: trap_request=0xffffff6e fr.pc=0x0000019c0ecd8f34 relative=0x00000000000000f4
Event: 2.804 Thread 0x0000019c0325e000 Uncommon trap: reason=speculate_class_check action=maybe_recompile pc=0x0000019c0ecd8f34 method=jdk.internal.reflect.UnsafeObjectFieldAccessorImpl.get(Ljava/lang/Object;)Ljava/lang/Object; @ 13 c2
Event: 2.804 Thread 0x0000019c0325e000 DEOPT PACKING pc=0x0000019c0ecd8f34 sp=0x0000003ecd0fc0c0
Event: 2.804 Thread 0x0000019c0325e000 DEOPT UNPACKING pc=0x0000019c0714922f sp=0x0000003ecd0fc058 mode 2
Event: 2.804 Thread 0x0000019c0325e000 Uncommon trap: trap_request=0xffffff6e fr.pc=0x0000019c0ecd8f34 relative=0x00000000000000f4
Event: 2.804 Thread 0x0000019c0325e000 Uncommon trap: reason=speculate_class_check action=maybe_recompile pc=0x0000019c0ecd8f34 method=jdk.internal.reflect.UnsafeObjectFieldAccessorImpl.get(Ljava/lang/Object;)Ljava/lang/Object; @ 13 c2
Event: 2.804 Thread 0x0000019c0325e000 DEOPT PACKING pc=0x0000019c0ecd8f34 sp=0x0000003ecd0fc0c0
Event: 2.804 Thread 0x0000019c0325e000 DEOPT UNPACKING pc=0x0000019c0714922f sp=0x0000003ecd0fc058 mode 2
Event: 2.863 Thread 0x0000019c0325e000 Uncommon trap: trap_request=0xffffff4d fr.pc=0x0000019c0ecd8ab4 relative=0x0000000000000094
Event: 2.863 Thread 0x0000019c0325e000 Uncommon trap: reason=unstable_if action=reinterpret pc=0x0000019c0ecd8ab4 method=java.lang.reflect.AccessibleObject.checkCanSetAccessible(Ljava/lang/Class;Ljava/lang/Class;Z)Z @ 30 c2
Event: 2.863 Thread 0x0000019c0325e000 DEOPT PACKING pc=0x0000019c0ecd8ab4 sp=0x0000003ecd0fb140
Event: 2.863 Thread 0x0000019c0325e000 DEOPT UNPACKING pc=0x0000019c0714922f sp=0x0000003ecd0fb0a0 mode 2
Event: 2.926 Thread 0x0000019c0325e000 Uncommon trap: trap_request=0xffffff4d fr.pc=0x0000019c0ecc76dc relative=0x000000000000093c
Event: 2.926 Thread 0x0000019c0325e000 Uncommon trap: reason=unstable_if action=reinterpret pc=0x0000019c0ecc76dc method=org.codehaus.plexus.util.xml.pull.MXParser.nextImpl()I @ 879 c2
Event: 2.926 Thread 0x0000019c0325e000 DEOPT PACKING pc=0x0000019c0ecc76dc sp=0x0000003ecd0fd3e0
Event: 2.926 Thread 0x0000019c0325e000 DEOPT UNPACKING pc=0x0000019c0714922f sp=0x0000003ecd0fd360 mode 2

Classes redefined (0 events):
No events

Internal exceptions (8 events):
Event: 0.281 Thread 0x0000019c0325e000 Exception <a 'java/lang/NoSuchMethodError'{0x0000000711996e70}: 'int java.lang.invoke.DirectMethodHandle$Holder.invokeSpecialIFC(java.lang.Object, java.lang.Object, int)'> (0x0000000711996e70) thrown at [c:/BuildAgent/work/5ff2f6c26000d570/src/hotspot/sha
Event: 0.349 Thread 0x0000019c0325e000 Exception <a 'java/lang/NoSuchMethodError'{0x00000007118b2238}: 'java.lang.Object java.lang.invoke.DirectMethodHandle$Holder.invokeStaticInit(java.lang.Object, int, int, int, int)'> (0x00000007118b2238) thrown at [c:/BuildAgent/work/5ff2f6c26000d570/src/h
Event: 1.187 Thread 0x0000019c0325e000 Exception <a 'java/lang/NoSuchMethodError'{0x0000000711680e08}: 'java.lang.Object java.lang.invoke.DirectMethodHandle$Holder.invokeStaticInit(java.lang.Object, java.lang.Object, int, int, int, int)'> (0x0000000711680e08) thrown at [c:/BuildAgent/work/5ff2
Event: 2.391 Thread 0x0000019c0325e000 Exception <a 'java/lang/NoClassDefFoundError'{0x000000070f2b2888}: com/google/inject/servlet/ServletModuleTargetVisitor> (0x000000070f2b2888) thrown at [c:/BuildAgent/work/5ff2f6c26000d570/src/hotspot/share/classfile/systemDictionary.cpp, line 220]
Event: 2.391 Thread 0x0000019c0325e000 Exception <a 'java/lang/NoClassDefFoundError'{0x000000070f2b2888}> (0x000000070f2b2888) thrown at [c:/BuildAgent/work/5ff2f6c26000d570/src/hotspot/share/prims/jvm.cpp, line 1301]
Event: 2.391 Thread 0x0000019c0325e000 Exception <a 'java/lang/NoClassDefFoundError'{0x000000070f2b5b58}: javax/annotation/Priority> (0x000000070f2b5b58) thrown at [c:/BuildAgent/work/5ff2f6c26000d570/src/hotspot/share/classfile/systemDictionary.cpp, line 220]
Event: 2.668 Thread 0x0000019c0325e000 Implicit null exception at 0x0000019c0ec20284 to 0x0000019c0ec20762
Event: 2.668 Thread 0x0000019c0325e000 Implicit null exception at 0x0000019c0ec22a04 to 0x0000019c0ec22eda

Events (20 events):
Event: 2.834 loading class org/apache/maven/artifact/resolver/filter/IncludesArtifactFilter
Event: 2.834 loading class org/apache/maven/artifact/resolver/filter/IncludesArtifactFilter done
Event: 2.847 loading class org/apache/maven/artifact/versioning/ComparableVersion$LongItem
Event: 2.847 loading class org/apache/maven/artifact/versioning/ComparableVersion$LongItem done
Event: 2.858 loading class org/apache/maven/project/DefaultProjectBuilder$InterimResult
Event: 2.858 loading class org/apache/maven/project/DefaultProjectBuilder$InterimResult done
Event: 2.859 loading class org/apache/maven/model/building/ModelBuildingEventCatapult$1
Event: 2.859 loading class org/apache/maven/model/building/ModelBuildingEventCatapult$1 done
Event: 2.859 loading class org/apache/maven/model/building/DefaultModelBuildingEvent
Event: 2.859 loading class org/apache/maven/model/building/DefaultModelBuildingEvent done
Event: 2.861 loading class org/apache/maven/lifecycle/mapping/DefaultLifecycleMapping
Event: 2.861 loading class org/apache/maven/lifecycle/mapping/DefaultLifecycleMapping done
Event: 2.861 loading class org/apache/maven/lifecycle/mapping/DefaultLifecycleMapping
Event: 2.861 loading class org/apache/maven/lifecycle/mapping/DefaultLifecycleMapping done
Event: 2.862 loading class org/apache/maven/lifecycle/mapping/Lifecycle
Event: 2.862 loading class org/apache/maven/lifecycle/mapping/Lifecycle done
Event: 2.864 loading class org/apache/maven/lifecycle/mapping/LifecycleMojo
Event: 2.864 loading class org/apache/maven/lifecycle/mapping/LifecycleMojo done
Event: 2.868 loading class org/apache/maven/lifecycle/internal/DefaultLifecyclePluginAnalyzer$1
Event: 2.868 loading class org/apache/maven/lifecycle/internal/DefaultLifecyclePluginAnalyzer$1 done


Dynamic libraries:
0x00007ff754160000 - 0x00007ff75416a000 	C:\Program Files\JetBrains\IntelliJ IDEA Community Edition 2019.3.1\jbr\bin\java.exe
0x00007ffd2a000000 - 0x00007ffd2a1f0000 	C:\WINDOWS\SYSTEM32\ntdll.dll
0x00007ffd28450000 - 0x00007ffd28502000 	C:\WINDOWS\System32\KERNEL32.DLL
0x00007ffd26ea0000 - 0x00007ffd27145000 	C:\WINDOWS\System32\KERNELBASE.dll
0x00007ffd27570000 - 0x00007ffd2766a000 	C:\WINDOWS\System32\ucrtbase.dll
0x00007ffce0be0000 - 0x00007ffce0bf7000 	C:\Program Files\JetBrains\IntelliJ IDEA Community Edition 2019.3.1\jbr\bin\VCRUNTIME140.dll
0x00007ffce0c00000 - 0x00007ffce0c19000 	C:\Program Files\JetBrains\IntelliJ IDEA Community Edition 2019.3.1\jbr\bin\jli.dll
0x00007ffd28ae0000 - 0x00007ffd28c74000 	C:\WINDOWS\System32\USER32.dll
0x00007ffd27280000 - 0x00007ffd272a1000 	C:\WINDOWS\System32\win32u.dll
0x00007ffd1b1d0000 - 0x00007ffd1b454000 	C:\WINDOWS\WinSxS\amd64_microsoft.windows.common-controls_6595b64144ccf1df_6.0.18362.1198_none_9e820b57e45ad92f\COMCTL32.dll
0x00007ffd28c80000 - 0x00007ffd28ca6000 	C:\WINDOWS\System32\GDI32.dll
0x00007ffd28d90000 - 0x00007ffd28e2e000 	C:\WINDOWS\System32\msvcrt.dll
0x00007ffd272b0000 - 0x00007ffd27446000 	C:\WINDOWS\System32\gdi32full.dll
0x00007ffd27480000 - 0x00007ffd2751e000 	C:\WINDOWS\System32\msvcp_win.dll
0x00007ffd29c80000 - 0x00007ffd29fb5000 	C:\WINDOWS\System32\combase.dll
0x00007ffd278f0000 - 0x00007ffd27a10000 	C:\WINDOWS\System32\RPCRT4.dll
0x00007ffd27200000 - 0x00007ffd27280000 	C:\WINDOWS\System32\bcryptPrimitives.dll
0x00007ffd29590000 - 0x00007ffd295be000 	C:\WINDOWS\System32\IMM32.DLL
0x00007ffcd9840000 - 0x00007ffcd98dd000 	C:\Program Files\JetBrains\IntelliJ IDEA Community Edition 2019.3.1\jbr\bin\msvcp140.dll
0x00007ffce96a0000 - 0x00007ffcea15b000 	C:\Program Files\JetBrains\IntelliJ IDEA Community Edition 2019.3.1\jbr\bin\server\jvm.dll
0x00007ffd29380000 - 0x00007ffd29423000 	C:\WINDOWS\System32\ADVAPI32.dll
0x00007ffd27a10000 - 0x00007ffd27aa7000 	C:\WINDOWS\System32\sechost.dll
0x00007ffd28d80000 - 0x00007ffd28d88000 	C:\WINDOWS\System32\PSAPI.DLL
0x00007ffd204b0000 - 0x00007ffd204ba000 	C:\WINDOWS\SYSTEM32\VERSION.dll
0x00007ffd24510000 - 0x00007ffd24534000 	C:\WINDOWS\SYSTEM32\WINMM.dll
0x00007ffd194f0000 - 0x00007ffd194f9000 	C:\WINDOWS\SYSTEM32\WSOCK32.dll
0x00007ffd28d10000 - 0x00007ffd28d7f000 	C:\WINDOWS\System32\WS2_32.dll
0x00007ffd24490000 - 0x00007ffd244bd000 	C:\WINDOWS\SYSTEM32\winmmbase.dll
0x00007ffd27520000 - 0x00007ffd2756a000 	C:\WINDOWS\System32\cfgmgr32.dll
0x00007ffd266d0000 - 0x00007ffd266e1000 	C:\WINDOWS\System32\kernel.appcore.dll
0x00007ffd013a0000 - 0x00007ffd013b1000 	C:\Program Files\JetBrains\IntelliJ IDEA Community Edition 2019.3.1\jbr\bin\verify.dll
0x00007ffd14b70000 - 0x00007ffd14d64000 	C:\WINDOWS\SYSTEM32\DBGHELP.DLL
0x00007ffd14b40000 - 0x00007ffd14b6a000 	C:\WINDOWS\SYSTEM32\dbgcore.DLL
0x00007ffd012e0000 - 0x00007ffd01309000 	C:\Program Files\JetBrains\IntelliJ IDEA Community Edition 2019.3.1\jbr\bin\java.dll
0x00007ffd22f10000 - 0x00007ffd22f1f000 	C:\Program Files\JetBrains\IntelliJ IDEA Community Edition 2019.3.1\jbr\bin\instrument.dll
0x00007ffd012c0000 - 0x00007ffd012d7000 	C:\Program Files\JetBrains\IntelliJ IDEA Community Edition 2019.3.1\jbr\bin\zip.dll
0x00007ffd07900000 - 0x00007ffd0790b000 	C:\Program Files\JetBrains\IntelliJ IDEA Community Edition 2019.3.1\jbr\bin\jimage.dll
0x00007ffd27ab0000 - 0x00007ffd28197000 	C:\WINDOWS\System32\SHELL32.dll
0x00007ffd295c0000 - 0x00007ffd29669000 	C:\WINDOWS\System32\shcore.dll
0x00007ffd266f0000 - 0x00007ffd26e71000 	C:\WINDOWS\System32\windows.storage.dll
0x00007ffd26630000 - 0x00007ffd26653000 	C:\WINDOWS\System32\profapi.dll
0x00007ffd26660000 - 0x00007ffd266aa000 	C:\WINDOWS\System32\powrprof.dll
0x00007ffd26620000 - 0x00007ffd26630000 	C:\WINDOWS\System32\UMPDC.dll
0x00007ffd28cb0000 - 0x00007ffd28d02000 	C:\WINDOWS\System32\shlwapi.dll
0x00007ffd26e80000 - 0x00007ffd26e97000 	C:\WINDOWS\System32\cryptsp.dll
0x00007ffd012a0000 - 0x00007ffd012ba000 	C:\Program Files\JetBrains\IntelliJ IDEA Community Edition 2019.3.1\jbr\bin\net.dll
0x00007ffd1f670000 - 0x00007ffd1f760000 	C:\WINDOWS\SYSTEM32\WINHTTP.dll
0x00007ffd25dc0000 - 0x00007ffd25e27000 	C:\WINDOWS\system32\mswsock.dll
0x00007ffd01280000 - 0x00007ffd01294000 	C:\Program Files\JetBrains\IntelliJ IDEA Community Edition 2019.3.1\jbr\bin\nio.dll
0x00007ffd1b030000 - 0x00007ffd1b04a000 	C:\Program Files\JetBrains\IntelliJ IDEA Community Edition 2019.3.1\bin\breakgen64.dll
0x00007ffd25940000 - 0x00007ffd25973000 	C:\WINDOWS\system32\rsaenh.dll
0x00007ffd27450000 - 0x00007ffd27476000 	C:\WINDOWS\System32\bcrypt.dll
0x00007ffd26540000 - 0x00007ffd26565000 	C:\WINDOWS\SYSTEM32\USERENV.dll
0x00007ffd25f40000 - 0x00007ffd25f4c000 	C:\WINDOWS\SYSTEM32\CRYPTBASE.dll
0x00007ffd25ae0000 - 0x00007ffd25b1a000 	C:\WINDOWS\SYSTEM32\IPHLPAPI.DLL
0x00007ffd281a0000 - 0x00007ffd281a8000 	C:\WINDOWS\System32\NSI.dll
0x00007ffd20ad0000 - 0x00007ffd20ae6000 	C:\WINDOWS\SYSTEM32\dhcpcsvc6.DLL
0x00007ffd20ab0000 - 0x00007ffd20acc000 	C:\WINDOWS\SYSTEM32\dhcpcsvc.DLL
0x00007ffd25b20000 - 0x00007ffd25beb000 	C:\WINDOWS\SYSTEM32\DNSAPI.dll
0x00007ffd18e50000 - 0x00007ffd18e5a000 	C:\Users\Thomas\AppData\Local\Temp\jansi-1.17.1-13589308090521903330.dll
0x00007ffd17230000 - 0x00007ffd1723a000 	C:\Users\Thomas\AppData\Local\Temp\jansi-1.17.1-18174412193382862678.dll

dbghelp: loaded successfully - version: 4.0.5 - missing functions: none
symbol engine: initialized successfully - sym options: 0x614 - pdb path: .;C:\Program Files\JetBrains\IntelliJ IDEA Community Edition 2019.3.1\jbr\bin;C:\WINDOWS\SYSTEM32;C:\WINDOWS\WinSxS\amd64_microsoft.windows.common-controls_6595b64144ccf1df_6.0.18362.1198_none_9e820b57e45ad92f;C:\Program Files\JetBrains\IntelliJ IDEA Community Edition 2019.3.1\jbr\bin\server;C:\Program Files\JetBrains\IntelliJ IDEA Community Edition 2019.3.1\bin;C:\Users\Thomas\AppData\Local\Temp

VM Arguments:
jvm_args: -Dmaven.multiModuleProjectDirectory=E:\Projects\CardsAgainstHumanity\server -Dmaven.home=C:\Program Files\JetBrains\IntelliJ IDEA Community Edition 2019.3.1\plugins\maven\lib\maven3 -Dclassworlds.conf=C:\Program Files\JetBrains\IntelliJ IDEA Community Edition 2019.3.1\plugins\maven\lib\maven3\bin\m2.conf -Dmaven.ext.class.path=C:\Program Files\JetBrains\IntelliJ IDEA Community Edition 2019.3.1\plugins\maven\lib\maven-event-listener.jar -javaagent:C:\Program Files\JetBrains\IntelliJ IDEA Community Edition 2019.3.1\lib\idea_rt.jar=54962:C:\Program Files\JetBrains\IntelliJ IDEA Community Edition 2019.3.1\bin -Dfile.encoding=UTF-8 
java_command: org.codehaus.classworlds.Launcher -Didea.version2019.3.1 install
java_class_path (initial): C:\Program Files\JetBrains\IntelliJ IDEA Community Edition 2019.3.1\plugins\maven\lib\maven3\boot\plexus-classworlds-2.6.0.jar
Launcher Type: SUN_STANDARD

[Global flags]
     intx CICompilerCount                          = 4                                         {product} {ergonomic}
     uint ConcGCThreads                            = 2                                         {product} {ergonomic}
     uint G1ConcRefinementThreads                  = 8                                         {product} {ergonomic}
   size_t G1HeapRegionSize                         = 1048576                                   {product} {ergonomic}
    uintx GCDrainStackTargetSize                   = 64                                        {product} {ergonomic}
   size_t InitialHeapSize                          = 268435456                                 {product} {ergonomic}
   size_t MarkStackSize                            = 4194304                                   {product} {ergonomic}
   size_t MaxHeapSize                              = 4263510016                                {product} {ergonomic}
   size_t MaxNewSize                               = 2557476864                                {product} {ergonomic}
   size_t MinHeapDeltaBytes                        = 1048576                                   {product} {ergonomic}
    uintx NonNMethodCodeHeapSize                   = 5836300                                {pd product} {ergonomic}
    uintx NonProfiledCodeHeapSize                  = 122910970                              {pd product} {ergonomic}
    uintx ProfiledCodeHeapSize                     = 122910970                              {pd product} {ergonomic}
    uintx ReservedCodeCacheSize                    = 251658240                              {pd product} {ergonomic}
     bool SegmentedCodeCache                       = true                                      {product} {ergonomic}
     bool UseCompressedClassPointers               = true                                 {lp64_product} {ergonomic}
     bool UseCompressedOops                        = true                                 {lp64_product} {ergonomic}
     bool UseG1GC                                  = true                                      {product} {ergonomic}
     bool UseLargePagesIndividualAllocation        = false                                  {pd product} {ergonomic}

Logging:
Log output configuration:
 #0: stdout all=warning uptime,level,tags
 #1: stderr all=off uptime,level,tags

Environment Variables:
PATH=C:\cygwin64\bin;C:\WINDOWS\system32;C:\WINDOWS;C:\WINDOWS\System32\Wbem;C:\WINDOWS\System32\WindowsPowerShell\v1.0\;C:\WINDOWS\System32\OpenSSH\;C:\Users\Thomas\AppData\Roaming\nvm;C:\Program Files\nodejs;C:\Program Files\Git\cmd;C:\Program Files\Docker\Docker\resources\bin;C:\ProgramData\DockerDesktop\version-bin;C:\Users\Thomas\.windows-build-tools\python27\;C:\Users\Thomas\AppData\Local\Microsoft\WindowsApps;C:\Program Files\JetBrains\IntelliJ IDEA Community Edition 2019.3.1\bin;C:\Users\Thomas\AppData\Roaming\nvm;C:\Program Files\nodejs;C:\Users\Thomas\AppData\Local\Programs\Microsoft VS Code\bin;E:\ffmpeg;E:\scripts;C:\Program Files\Java\jdk-13.0.2\bin;C:\Program Files\HandBrake;C:\cygwin64\bin;
USERNAME=TJ
OS=Windows_NT
PROCESSOR_IDENTIFIER=Intel64 Family 6 Model 58 Stepping 9, GenuineIntel



---------------  S Y S T E M  ---------------

OS: Windows 10 , 64 bit Build 18362 (10.0.18362.1110)
HyperV virtualization detected

CPU:total 8 (initial active 8) (4 cores per cpu, 2 threads per core) family 6 model 58 stepping 9, cmov, cx8, fxsr, mmx, sse, sse2, sse3, ssse3, sse4.1, sse4.2, popcnt, avx, aes, clmul, erms, ht, tsc, tscinvbit, tscinv

Memory: 4k page, system-wide physical 16257M (2875M free)
TotalPageFile size 30452M (AvailPageFile size 127M)
current process WorkingSet (physical memory assigned to process): 167M, peak: 167M
current process commit charge ("private bytes"): 396M, peak: 398M

vm_info: OpenJDK 64-Bit Server VM (11.0.5+10-b520.17) for windows-amd64 JRE (11.0.5+10-b520.17), built on Dec  2 2019 12:11:34 by "" with MS VC++ 14.0 (VS2015)

END.
